{"/home/travis/build/npmtest/node-npmtest-socketcluster/test.js":{"path":"/home/travis/build/npmtest/node-npmtest-socketcluster/test.js","s":{"1":2,"2":2,"3":2,"4":2,"5":2,"6":2,"7":2,"8":1,"9":2,"10":2,"11":1,"12":1,"13":1,"14":1,"15":2,"16":2,"17":2,"18":2,"19":1,"20":1,"21":2,"22":2,"23":2,"24":1,"25":1,"26":1,"27":1,"28":1,"29":1,"30":1,"31":1,"32":1,"33":1,"34":1,"35":1,"36":1,"37":1,"38":1,"39":2,"40":2,"41":1,"42":2,"43":2,"44":1,"45":2,"46":2,"47":1,"48":2,"49":2,"50":1,"51":1,"52":1,"53":1,"54":1},"b":{"1":[2,1,1,1],"2":[1,1,1,1],"3":[1,1],"4":[1,1],"5":[1,1],"6":[1,1],"7":[1,1],"8":[1,1],"9":[1,1],"10":[1,1,1],"11":[1,1],"12":[1,1],"13":[1,1],"14":[1,1],"15":[1,1],"16":[1,1],"17":[1,1]},"f":{"1":2,"2":2,"3":2,"4":2,"5":2,"6":1,"7":1,"8":1,"9":2,"10":2,"11":2,"12":2,"13":1},"fnMap":{"1":{"name":"(anonymous_1)","line":12,"loc":{"start":{"line":12,"column":1},"end":{"line":12,"column":13}}},"2":{"name":"(anonymous_2)","line":19,"loc":{"start":{"line":19,"column":5},"end":{"line":19,"column":17}}},"3":{"name":"(anonymous_3)","line":23,"loc":{"start":{"line":23,"column":24},"end":{"line":23,"column":36}}},"4":{"name":"(anonymous_4)","line":61,"loc":{"start":{"line":61,"column":5},"end":{"line":61,"column":17}}},"5":{"name":"(anonymous_5)","line":82,"loc":{"start":{"line":82,"column":5},"end":{"line":82,"column":17}}},"6":{"name":"(anonymous_6)","line":91,"loc":{"start":{"line":91,"column":77},"end":{"line":94,"column":10}}},"7":{"name":"(anonymous_7)","line":112,"loc":{"start":{"line":112,"column":83},"end":{"line":115,"column":10}},"skip":true},"8":{"name":"(anonymous_8)","line":123,"loc":{"start":{"line":123,"column":77},"end":{"line":126,"column":10}},"skip":true},"9":{"name":"(anonymous_9)","line":139,"loc":{"start":{"line":139,"column":12},"end":{"line":139,"column":40}},"skip":true},"10":{"name":"(anonymous_10)","line":147,"loc":{"start":{"line":147,"column":77},"end":{"line":150,"column":10}},"skip":true},"11":{"name":"(anonymous_11)","line":158,"loc":{"start":{"line":158,"column":83},"end":{"line":161,"column":10}},"skip":true},"12":{"name":"(anonymous_12)","line":169,"loc":{"start":{"line":169,"column":79},"end":{"line":172,"column":10}},"skip":true},"13":{"name":"(anonymous_13)","line":180,"loc":{"start":{"line":180,"column":75},"end":{"line":183,"column":10}},"skip":true}},"statementMap":{"1":{"start":{"line":12,"column":0},"end":{"line":195,"column":5}},"2":{"start":{"line":14,"column":4},"end":{"line":14,"column":14}},"3":{"start":{"line":19,"column":4},"end":{"line":56,"column":9}},"4":{"start":{"line":21,"column":8},"end":{"line":21,"column":19}},"5":{"start":{"line":23,"column":8},"end":{"line":35,"column":13}},"6":{"start":{"line":24,"column":12},"end":{"line":34,"column":13}},"7":{"start":{"line":25,"column":16},"end":{"line":28,"column":30}},"8":{"start":{"line":30,"column":16},"end":{"line":33,"column":27}},"9":{"start":{"line":37,"column":8},"end":{"line":39,"column":21}},"10":{"start":{"line":40,"column":8},"end":{"line":53,"column":9}},"11":{"start":{"line":43,"column":12},"end":{"line":46,"column":14}},"12":{"start":{"line":47,"column":12},"end":{"line":47,"column":18}},"13":{"start":{"line":50,"column":12},"end":{"line":51,"column":46}},"14":{"start":{"line":52,"column":12},"end":{"line":52,"column":18}},"15":{"start":{"line":55,"column":8},"end":{"line":55,"column":35}},"16":{"start":{"line":61,"column":4},"end":{"line":63,"column":9}},"17":{"start":{"line":62,"column":8},"end":{"line":62,"column":15}},"18":{"start":{"line":64,"column":4},"end":{"line":77,"column":5}},"19":{"start":{"line":70,"column":8},"end":{"line":70,"column":14}},"20":{"start":{"line":76,"column":8},"end":{"line":76,"column":14}},"21":{"start":{"line":82,"column":4},"end":{"line":84,"column":9}},"22":{"start":{"line":83,"column":8},"end":{"line":83,"column":15}},"23":{"start":{"line":85,"column":4},"end":{"line":194,"column":5}},"24":{"start":{"line":91,"column":8},"end":{"line":99,"column":10}},"25":{"start":{"line":98,"column":12},"end":{"line":98,"column":35}},"26":{"start":{"line":102,"column":8},"end":{"line":104,"column":63}},"27":{"start":{"line":105,"column":8},"end":{"line":105,"column":14}},"28":{"start":{"line":112,"column":8},"end":{"line":121,"column":10},"skip":true},"29":{"start":{"line":119,"column":12},"end":{"line":119,"column":55},"skip":true},"30":{"start":{"line":120,"column":12},"end":{"line":120,"column":48},"skip":true},"31":{"start":{"line":123,"column":8},"end":{"line":136,"column":10},"skip":true},"32":{"start":{"line":130,"column":12},"end":{"line":130,"column":76},"skip":true},"33":{"start":{"line":131,"column":12},"end":{"line":131,"column":73},"skip":true},"34":{"start":{"line":132,"column":12},"end":{"line":132,"column":74},"skip":true},"35":{"start":{"line":133,"column":12},"end":{"line":133,"column":79},"skip":true},"36":{"start":{"line":134,"column":12},"end":{"line":134,"column":25},"skip":true},"37":{"start":{"line":135,"column":12},"end":{"line":135,"column":45},"skip":true},"38":{"start":{"line":138,"column":8},"end":{"line":145,"column":14},"skip":true},"39":{"start":{"line":143,"column":16},"end":{"line":143,"column":29},"skip":true},"40":{"start":{"line":144,"column":16},"end":{"line":144,"column":55},"skip":true},"41":{"start":{"line":147,"column":8},"end":{"line":156,"column":10},"skip":true},"42":{"start":{"line":154,"column":12},"end":{"line":154,"column":25},"skip":true},"43":{"start":{"line":155,"column":12},"end":{"line":155,"column":45},"skip":true},"44":{"start":{"line":158,"column":8},"end":{"line":167,"column":10},"skip":true},"45":{"start":{"line":165,"column":12},"end":{"line":165,"column":25},"skip":true},"46":{"start":{"line":166,"column":12},"end":{"line":166,"column":48},"skip":true},"47":{"start":{"line":169,"column":8},"end":{"line":178,"column":10},"skip":true},"48":{"start":{"line":176,"column":12},"end":{"line":176,"column":25},"skip":true},"49":{"start":{"line":177,"column":12},"end":{"line":177,"column":46},"skip":true},"50":{"start":{"line":180,"column":8},"end":{"line":189,"column":10},"skip":true},"51":{"start":{"line":187,"column":12},"end":{"line":187,"column":94},"skip":true},"52":{"start":{"line":188,"column":12},"end":{"line":188,"column":48},"skip":true},"53":{"start":{"line":192,"column":8},"end":{"line":192,"column":35},"skip":true},"54":{"start":{"line":193,"column":8},"end":{"line":193,"column":14},"skip":true}},"branchMap":{"1":{"line":25,"type":"binary-expr","locations":[{"start":{"line":25,"column":23},"end":{"line":25,"column":62}},{"start":{"line":26,"column":20},"end":{"line":26,"column":70}},{"start":{"line":27,"column":20},"end":{"line":27,"column":71}},{"start":{"line":28,"column":20},"end":{"line":28,"column":29}}]},"2":{"line":30,"type":"binary-expr","locations":[{"start":{"line":30,"column":23},"end":{"line":30,"column":37}},{"start":{"line":31,"column":20},"end":{"line":31,"column":61}},{"start":{"line":32,"column":20},"end":{"line":32,"column":70}},{"start":{"line":33,"column":20},"end":{"line":33,"column":26}}]},"3":{"line":37,"type":"cond-expr","locations":[{"start":{"line":38,"column":14},"end":{"line":38,"column":20}},{"start":{"line":39,"column":14},"end":{"line":39,"column":20}}]},"4":{"line":40,"type":"switch","locations":[{"start":{"line":42,"column":8},"end":{"line":47,"column":18}},{"start":{"line":49,"column":8},"end":{"line":52,"column":18}}]},"5":{"line":44,"type":"binary-expr","locations":[{"start":{"line":44,"column":16},"end":{"line":44,"column":44}},{"start":{"line":44,"column":48},"end":{"line":44,"column":66}}]},"6":{"line":50,"type":"binary-expr","locations":[{"start":{"line":50,"column":21},"end":{"line":50,"column":49}},{"start":{"line":50,"column":53},"end":{"line":50,"column":72}}]},"7":{"line":64,"type":"switch","locations":[{"start":{"line":69,"column":4},"end":{"line":70,"column":14}},{"start":{"line":75,"column":4},"end":{"line":76,"column":14}}]},"8":{"line":85,"type":"switch","locations":[{"start":{"line":90,"column":4},"end":{"line":105,"column":14}},{"start":{"line":111,"column":4},"end":{"line":193,"column":14},"skip":true}]},"9":{"line":91,"type":"binary-expr","locations":[{"start":{"line":91,"column":42},"end":{"line":91,"column":73}},{"start":{"line":91,"column":77},"end":{"line":99,"column":9}}]},"10":{"line":102,"type":"binary-expr","locations":[{"start":{"line":102,"column":18},"end":{"line":102,"column":32}},{"start":{"line":103,"column":12},"end":{"line":103,"column":53}},{"start":{"line":104,"column":12},"end":{"line":104,"column":61}}]},"11":{"line":112,"type":"binary-expr","locations":[{"start":{"line":112,"column":45},"end":{"line":112,"column":79},"skip":true},{"start":{"line":112,"column":83},"end":{"line":121,"column":9},"skip":true}]},"12":{"line":123,"type":"binary-expr","locations":[{"start":{"line":123,"column":42},"end":{"line":123,"column":73},"skip":true},{"start":{"line":123,"column":77},"end":{"line":136,"column":9},"skip":true}]},"13":{"line":138,"type":"binary-expr","locations":[{"start":{"line":138,"column":48},"end":{"line":138,"column":85},"skip":true},{"start":{"line":139,"column":12},"end":{"line":145,"column":13},"skip":true}]},"14":{"line":147,"type":"binary-expr","locations":[{"start":{"line":147,"column":42},"end":{"line":147,"column":73},"skip":true},{"start":{"line":147,"column":77},"end":{"line":156,"column":9},"skip":true}]},"15":{"line":158,"type":"binary-expr","locations":[{"start":{"line":158,"column":45},"end":{"line":158,"column":79},"skip":true},{"start":{"line":158,"column":83},"end":{"line":167,"column":9},"skip":true}]},"16":{"line":169,"type":"binary-expr","locations":[{"start":{"line":169,"column":43},"end":{"line":169,"column":75},"skip":true},{"start":{"line":169,"column":79},"end":{"line":178,"column":9},"skip":true}]},"17":{"line":180,"type":"binary-expr","locations":[{"start":{"line":180,"column":41},"end":{"line":180,"column":71},"skip":true},{"start":{"line":180,"column":75},"end":{"line":189,"column":9},"skip":true}]}},"code":["/* istanbul instrument in package npmtest_socketcluster */","/*jslint","    bitwise: true,","    browser: true,","    maxerr: 8,","    maxlen: 96,","    node: true,","    nomen: true,","    regexp: true,","    stupid: true","*/","(function () {","    'use strict';","    var local;","","","","    // run shared js-env code - pre-init","    (function () {","        // init local","        local = {};","        // init modeJs","        local.modeJs = (function () {","            try {","                return typeof navigator.userAgent === 'string' &&","                    typeof document.querySelector('body') === 'object' &&","                    typeof XMLHttpRequest.prototype.open === 'function' &&","                    'browser';","            } catch (errorCaughtBrowser) {","                return module.exports &&","                    typeof process.versions.node === 'string' &&","                    typeof require('http').createServer === 'function' &&","                    'node';","            }","        }());","        // init global","        local.global = local.modeJs === 'browser'","            ? window","            : global;","        switch (local.modeJs) {","        // re-init local from window.local","        case 'browser':","            local = local.global.utility2.objectSetDefault(","                local.global.utility2_rollup || local.global.local,","                local.global.utility2","            );","            break;","        // re-init local from example.js","        case 'node':","            local = (local.global.utility2_rollup || require('utility2'))","                .requireExampleJsFromReadme();","            break;","        }","        // export local","        local.global.local = local;","    }());","","","","    // run shared js-env code - function","    (function () {","        return;","    }());","    switch (local.modeJs) {","","","","    // run browser js-env code - function","    case 'browser':","        break;","","","","    // run node js-env code - function","    case 'node':","        break;","    }","","","","    // run shared js-env code - post-init","    (function () {","        return;","    }());","    switch (local.modeJs) {","","","","    // run browser js-env code - post-init","    case 'browser':","        local.testCase_browser_nullCase = local.testCase_browser_nullCase || function (","            options,","            onError","        ) {","        /*","         * this function will test browsers's null-case handling-behavior-behavior","         */","            onError(null, options);","        };","","        // run tests","        local.nop(local.modeTest &&","            document.querySelector('#testRunButton1') &&","            document.querySelector('#testRunButton1').click());","        break;","","","","    // run node js-env code - post-init","    /* istanbul ignore next */","    case 'node':","        local.testCase_buildApidoc_default = local.testCase_buildApidoc_default || function (","            options,","            onError","        ) {","        /*","         * this function will test buildApidoc's default handling-behavior-behavior","         */","            options = { modulePathList: module.paths };","            local.buildApidoc(options, onError);","        };","","        local.testCase_buildApp_default = local.testCase_buildApp_default || function (","            options,","            onError","        ) {","        /*","         * this function will test buildApp's default handling-behavior-behavior","         */","            local.testCase_buildReadme_default(options, local.onErrorThrow);","            local.testCase_buildLib_default(options, local.onErrorThrow);","            local.testCase_buildTest_default(options, local.onErrorThrow);","            local.testCase_buildCustomOrg_default(options, local.onErrorThrow);","            options = [];","            local.buildApp(options, onError);","        };","","        local.testCase_buildCustomOrg_default = local.testCase_buildCustomOrg_default ||","            function (options, onError) {","            /*","             * this function will test buildCustomOrg's default handling-behavior","             */","                options = {};","                local.buildCustomOrg(options, onError);","            };","","        local.testCase_buildLib_default = local.testCase_buildLib_default || function (","            options,","            onError","        ) {","        /*","         * this function will test buildLib's default handling-behavior","         */","            options = {};","            local.buildLib(options, onError);","        };","","        local.testCase_buildReadme_default = local.testCase_buildReadme_default || function (","            options,","            onError","        ) {","        /*","         * this function will test buildReadme's default handling-behavior-behavior","         */","            options = {};","            local.buildReadme(options, onError);","        };","","        local.testCase_buildTest_default = local.testCase_buildTest_default || function (","            options,","            onError","        ) {","        /*","         * this function will test buildTest's default handling-behavior","         */","            options = {};","            local.buildTest(options, onError);","        };","","        local.testCase_webpage_default = local.testCase_webpage_default || function (","            options,","            onError","        ) {","        /*","         * this function will test webpage's default handling-behavior","         */","            options = { modeCoverageMerge: true, url: local.serverLocalHost + '?modeTest=1' };","            local.browserTest(options, onError);","        };","","        // run test-server","        local.testRunServer(local);","        break;","    }","}());",""],"l":{"12":2,"14":2,"19":2,"21":2,"23":2,"24":2,"25":2,"30":1,"37":2,"40":2,"43":1,"47":1,"50":1,"52":1,"55":2,"61":2,"62":2,"64":2,"70":1,"76":1,"82":2,"83":2,"85":2,"91":1,"98":1,"102":1,"105":1,"112":1,"119":1,"120":1,"123":1,"130":1,"131":1,"132":1,"133":1,"134":1,"135":1,"138":1,"143":2,"144":2,"147":1,"154":2,"155":2,"158":1,"165":2,"166":2,"169":1,"176":2,"177":2,"180":1,"187":1,"188":1,"192":1,"193":1}},"/home/travis/build/npmtest/node-npmtest-socketcluster/lib.npmtest_socketcluster.js":{"path":"/home/travis/build/npmtest/node-npmtest-socketcluster/lib.npmtest_socketcluster.js","s":{"1":2,"2":2,"3":2,"4":2,"5":2,"6":2,"7":2,"8":1,"9":2,"10":2,"11":2,"12":2,"13":1,"14":1,"15":1,"16":1},"b":{"1":[2,1,1,1],"2":[1,1,1,1],"3":[1,1],"4":[2,2],"5":[1,1]},"f":{"1":2,"2":2,"3":2},"fnMap":{"1":{"name":"(anonymous_1)","line":12,"loc":{"start":{"line":12,"column":1},"end":{"line":12,"column":13}}},"2":{"name":"(anonymous_2)","line":19,"loc":{"start":{"line":19,"column":5},"end":{"line":19,"column":17}}},"3":{"name":"(anonymous_3)","line":23,"loc":{"start":{"line":23,"column":24},"end":{"line":23,"column":36}}}},"statementMap":{"1":{"start":{"line":12,"column":0},"end":{"line":53,"column":5}},"2":{"start":{"line":14,"column":4},"end":{"line":14,"column":14}},"3":{"start":{"line":19,"column":4},"end":{"line":52,"column":9}},"4":{"start":{"line":21,"column":8},"end":{"line":21,"column":19}},"5":{"start":{"line":23,"column":8},"end":{"line":35,"column":13}},"6":{"start":{"line":24,"column":12},"end":{"line":34,"column":13}},"7":{"start":{"line":25,"column":16},"end":{"line":28,"column":30}},"8":{"start":{"line":30,"column":16},"end":{"line":33,"column":27}},"9":{"start":{"line":37,"column":8},"end":{"line":39,"column":21}},"10":{"start":{"line":41,"column":8},"end":{"line":41,"column":54}},"11":{"start":{"line":43,"column":8},"end":{"line":43,"column":58}},"12":{"start":{"line":45,"column":8},"end":{"line":51,"column":9}},"13":{"start":{"line":46,"column":12},"end":{"line":46,"column":64}},"14":{"start":{"line":48,"column":12},"end":{"line":48,"column":35}},"15":{"start":{"line":49,"column":12},"end":{"line":49,"column":49}},"16":{"start":{"line":50,"column":12},"end":{"line":50,"column":43}}},"branchMap":{"1":{"line":25,"type":"binary-expr","locations":[{"start":{"line":25,"column":23},"end":{"line":25,"column":62}},{"start":{"line":26,"column":20},"end":{"line":26,"column":70}},{"start":{"line":27,"column":20},"end":{"line":27,"column":71}},{"start":{"line":28,"column":20},"end":{"line":28,"column":29}}]},"2":{"line":30,"type":"binary-expr","locations":[{"start":{"line":30,"column":23},"end":{"line":30,"column":37}},{"start":{"line":31,"column":20},"end":{"line":31,"column":61}},{"start":{"line":32,"column":20},"end":{"line":32,"column":70}},{"start":{"line":33,"column":20},"end":{"line":33,"column":26}}]},"3":{"line":37,"type":"cond-expr","locations":[{"start":{"line":38,"column":14},"end":{"line":38,"column":20}},{"start":{"line":39,"column":14},"end":{"line":39,"column":20}}]},"4":{"line":41,"type":"binary-expr","locations":[{"start":{"line":41,"column":16},"end":{"line":41,"column":44}},{"start":{"line":41,"column":48},"end":{"line":41,"column":53}}]},"5":{"line":45,"type":"if","locations":[{"start":{"line":45,"column":8},"end":{"line":45,"column":8}},{"start":{"line":45,"column":8},"end":{"line":45,"column":8}}]}},"code":["/* istanbul instrument in package npmtest_socketcluster */","/*jslint","    bitwise: true,","    browser: true,","    maxerr: 8,","    maxlen: 96,","    node: true,","    nomen: true,","    regexp: true,","    stupid: true","*/","(function () {","    'use strict';","    var local;","","","","    // run shared js-env code - pre-init","    (function () {","        // init local","        local = {};","        // init modeJs","        local.modeJs = (function () {","            try {","                return typeof navigator.userAgent === 'string' &&","                    typeof document.querySelector('body') === 'object' &&","                    typeof XMLHttpRequest.prototype.open === 'function' &&","                    'browser';","            } catch (errorCaughtBrowser) {","                return module.exports &&","                    typeof process.versions.node === 'string' &&","                    typeof require('http').createServer === 'function' &&","                    'node';","            }","        }());","        // init global","        local.global = local.modeJs === 'browser'","            ? window","            : global;","        // init utility2_rollup","        local = local.global.utility2_rollup || local;","        // init lib","        local.local = local.npmtest_socketcluster = local;","        // init exports","        if (local.modeJs === 'browser') {","            local.global.utility2_npmtest_socketcluster = local;","        } else {","            module.exports = local;","            module.exports.__dirname = __dirname;","            module.exports.module = module;","        }","    }());","}());",""],"l":{"12":2,"14":2,"19":2,"21":2,"23":2,"24":2,"25":2,"30":1,"37":2,"41":2,"43":2,"45":2,"46":1,"48":1,"49":1,"50":1}},"/home/travis/build/npmtest/node-npmtest-socketcluster/example.js":{"path":"/home/travis/build/npmtest/node-npmtest-socketcluster/example.js","s":{"1":2,"2":2,"3":2,"4":2,"5":2,"6":2,"7":2,"8":1,"9":2,"10":2,"11":2,"12":2,"13":1,"14":2,"15":2,"16":2,"17":2,"18":2,"19":0,"20":2,"21":1,"22":1,"23":1,"24":1,"25":1,"26":0,"27":0,"28":1,"29":1,"30":2,"31":0,"32":0,"33":0,"34":1,"35":2,"36":2,"37":3,"38":3,"39":3,"40":3,"41":0,"42":3,"43":3,"44":3,"45":1,"46":3,"47":1,"48":1,"49":1,"50":1,"51":1,"52":1,"53":1,"54":1,"55":1,"56":1,"57":0,"58":1,"59":6,"60":6,"61":1,"62":2,"63":0,"64":2,"65":1,"66":1,"67":0,"68":0,"69":0,"70":0,"71":0,"72":0,"73":0,"74":0,"75":0,"76":0,"77":0,"78":0,"79":0,"80":0,"81":0,"82":0,"83":0},"b":{"1":[2,1,1,1],"2":[1,1,1,1],"3":[1,1],"4":[2,2],"5":[1,1],"6":[1,1],"7":[2,0],"8":[2,1,1,1,1,1],"9":[0,2,0],"10":[1,1],"11":[2,1,1],"12":[1,0],"13":[0,2],"14":[2,0,0,0,0,0,0],"15":[0,3],"16":[3,0],"17":[1,1],"18":[0,1],"19":[1,2,0,2],"20":[1,0],"21":[1,1],"22":[0,0],"23":[0,0],"24":[0,0],"25":[0,0],"26":[0,0],"27":[0,0],"28":[0,0]},"f":{"1":2,"2":2,"3":2,"4":2,"5":2,"6":2,"7":3,"8":3,"9":3,"10":1,"11":6,"12":0},"fnMap":{"1":{"name":"(anonymous_1)","line":26,"loc":{"start":{"line":26,"column":1},"end":{"line":26,"column":13}}},"2":{"name":"(anonymous_2)","line":33,"loc":{"start":{"line":33,"column":5},"end":{"line":33,"column":17}}},"3":{"name":"(anonymous_3)","line":37,"loc":{"start":{"line":37,"column":24},"end":{"line":37,"column":36}}},"4":{"name":"(anonymous_4)","line":69,"loc":{"start":{"line":69,"column":31},"end":{"line":69,"column":48}},"skip":true},"5":{"name":"(anonymous_5)","line":78,"loc":{"start":{"line":78,"column":26},"end":{"line":78,"column":45}},"skip":true},"6":{"name":"(anonymous_6)","line":123,"loc":{"start":{"line":123,"column":33},"end":{"line":123,"column":48}},"skip":true},"7":{"name":"(anonymous_7)","line":125,"loc":{"start":{"line":125,"column":27},"end":{"line":125,"column":39}},"skip":true},"8":{"name":"(anonymous_8)","line":133,"loc":{"start":{"line":133,"column":59},"end":{"line":133,"column":74}},"skip":true},"9":{"name":"(anonymous_9)","line":143,"loc":{"start":{"line":143,"column":45},"end":{"line":143,"column":62}},"skip":true},"10":{"name":"(anonymous_10)","line":144,"loc":{"start":{"line":144,"column":73},"end":{"line":144,"column":92}},"skip":true},"11":{"name":"(anonymous_11)","line":272,"loc":{"start":{"line":272,"column":51},"end":{"line":272,"column":77}},"skip":true},"12":{"name":"(anonymous_12)","line":315,"loc":{"start":{"line":315,"column":32},"end":{"line":315,"column":61}},"skip":true}},"statementMap":{"1":{"start":{"line":26,"column":0},"end":{"line":326,"column":5}},"2":{"start":{"line":28,"column":4},"end":{"line":28,"column":14}},"3":{"start":{"line":33,"column":4},"end":{"line":60,"column":9}},"4":{"start":{"line":35,"column":8},"end":{"line":35,"column":19}},"5":{"start":{"line":37,"column":8},"end":{"line":49,"column":13}},"6":{"start":{"line":38,"column":12},"end":{"line":48,"column":13}},"7":{"start":{"line":39,"column":16},"end":{"line":42,"column":30}},"8":{"start":{"line":44,"column":16},"end":{"line":47,"column":27}},"9":{"start":{"line":51,"column":8},"end":{"line":53,"column":21}},"10":{"start":{"line":55,"column":8},"end":{"line":57,"column":45}},"11":{"start":{"line":59,"column":8},"end":{"line":59,"column":35}},"12":{"start":{"line":61,"column":4},"end":{"line":325,"column":5}},"13":{"start":{"line":69,"column":8},"end":{"line":121,"column":10},"skip":true},"14":{"start":{"line":70,"column":12},"end":{"line":88,"column":13},"skip":true},"15":{"start":{"line":76,"column":16},"end":{"line":87,"column":19},"skip":true},"16":{"start":{"line":79,"column":20},"end":{"line":86,"column":21},"skip":true},"17":{"start":{"line":82,"column":24},"end":{"line":82,"column":43},"skip":true},"18":{"start":{"line":83,"column":24},"end":{"line":83,"column":30},"skip":true},"19":{"start":{"line":85,"column":24},"end":{"line":85,"column":49},"skip":true},"20":{"start":{"line":89,"column":12},"end":{"line":107,"column":13},"skip":true},"21":{"start":{"line":92,"column":16},"end":{"line":102,"column":17},"skip":true},"22":{"start":{"line":93,"column":20},"end":{"line":93,"column":86},"skip":true},"23":{"start":{"line":94,"column":20},"end":{"line":95,"column":45},"skip":true},"24":{"start":{"line":96,"column":20},"end":{"line":96,"column":42},"skip":true},"25":{"start":{"line":97,"column":20},"end":{"line":97,"column":48},"skip":true},"26":{"start":{"line":100,"column":20},"end":{"line":100,"column":85},"skip":true},"27":{"start":{"line":101,"column":20},"end":{"line":101,"column":96},"skip":true},"28":{"start":{"line":103,"column":16},"end":{"line":103,"column":22},"skip":true},"29":{"start":{"line":106,"column":16},"end":{"line":106,"column":22},"skip":true},"30":{"start":{"line":108,"column":12},"end":{"line":120,"column":13},"skip":true},"31":{"start":{"line":114,"column":16},"end":{"line":119,"column":17},"skip":true},"32":{"start":{"line":116,"column":20},"end":{"line":116,"column":78},"skip":true},"33":{"start":{"line":118,"column":20},"end":{"line":118,"column":47},"skip":true},"34":{"start":{"line":123,"column":8},"end":{"line":141,"column":11},"skip":true},"35":{"start":{"line":124,"column":12},"end":{"line":124,"column":54},"skip":true},"36":{"start":{"line":125,"column":12},"end":{"line":140,"column":14},"skip":true},"37":{"start":{"line":126,"column":16},"end":{"line":126,"column":28},"skip":true},"38":{"start":{"line":127,"column":16},"end":{"line":127,"column":69},"skip":true},"39":{"start":{"line":128,"column":16},"end":{"line":128,"column":75},"skip":true},"40":{"start":{"line":129,"column":16},"end":{"line":131,"column":17},"skip":true},"41":{"start":{"line":130,"column":20},"end":{"line":130,"column":27},"skip":true},"42":{"start":{"line":133,"column":16},"end":{"line":137,"column":36},"skip":true},"43":{"start":{"line":134,"column":20},"end":{"line":136,"column":55},"skip":true},"44":{"start":{"line":139,"column":16},"end":{"line":139,"column":57},"skip":true},"45":{"start":{"line":143,"column":8},"end":{"line":147,"column":11},"skip":true},"46":{"start":{"line":144,"column":12},"end":{"line":146,"column":15},"skip":true},"47":{"start":{"line":145,"column":16},"end":{"line":145,"column":70},"skip":true},"48":{"start":{"line":149,"column":8},"end":{"line":149,"column":31},"skip":true},"49":{"start":{"line":150,"column":8},"end":{"line":150,"column":14},"skip":true},"50":{"start":{"line":158,"column":8},"end":{"line":158,"column":31},"skip":true},"51":{"start":{"line":160,"column":8},"end":{"line":160,"column":33},"skip":true},"52":{"start":{"line":161,"column":8},"end":{"line":161,"column":37},"skip":true},"53":{"start":{"line":162,"column":8},"end":{"line":162,"column":35},"skip":true},"54":{"start":{"line":164,"column":8},"end":{"line":164,"column":50},"skip":true},"55":{"start":{"line":166,"column":8},"end":{"line":256,"column":2},"skip":true},"56":{"start":{"line":258,"column":8},"end":{"line":286,"column":9},"skip":true},"57":{"start":{"line":259,"column":12},"end":{"line":269,"column":14},"skip":true},"58":{"start":{"line":271,"column":12},"end":{"line":285,"column":19},"skip":true},"59":{"start":{"line":274,"column":20},"end":{"line":274,"column":35},"skip":true},"60":{"start":{"line":275,"column":20},"end":{"line":284,"column":21},"skip":true},"61":{"start":{"line":277,"column":24},"end":{"line":277,"column":64},"skip":true},"62":{"start":{"line":279,"column":24},"end":{"line":279,"column":40},"skip":true},"63":{"start":{"line":281,"column":24},"end":{"line":281,"column":40},"skip":true},"64":{"start":{"line":283,"column":24},"end":{"line":283,"column":39},"skip":true},"65":{"start":{"line":288,"column":8},"end":{"line":290,"column":9},"skip":true},"66":{"start":{"line":289,"column":12},"end":{"line":289,"column":18},"skip":true},"67":{"start":{"line":291,"column":8},"end":{"line":293,"column":54},"skip":true},"68":{"start":{"line":296,"column":8},"end":{"line":301,"column":37},"skip":true},"69":{"start":{"line":303,"column":8},"end":{"line":303,"column":82},"skip":true},"70":{"start":{"line":306,"column":8},"end":{"line":308,"column":9},"skip":true},"71":{"start":{"line":307,"column":12},"end":{"line":307,"column":82},"skip":true},"72":{"start":{"line":310,"column":8},"end":{"line":312,"column":9},"skip":true},"73":{"start":{"line":311,"column":12},"end":{"line":311,"column":18},"skip":true},"74":{"start":{"line":313,"column":8},"end":{"line":313,"column":54},"skip":true},"75":{"start":{"line":314,"column":8},"end":{"line":314,"column":69},"skip":true},"76":{"start":{"line":315,"column":8},"end":{"line":323,"column":36},"skip":true},"77":{"start":{"line":316,"column":12},"end":{"line":316,"column":61},"skip":true},"78":{"start":{"line":317,"column":12},"end":{"line":320,"column":13},"skip":true},"79":{"start":{"line":318,"column":16},"end":{"line":318,"column":75},"skip":true},"80":{"start":{"line":319,"column":16},"end":{"line":319,"column":23},"skip":true},"81":{"start":{"line":321,"column":12},"end":{"line":321,"column":38},"skip":true},"82":{"start":{"line":322,"column":12},"end":{"line":322,"column":27},"skip":true},"83":{"start":{"line":324,"column":8},"end":{"line":324,"column":14},"skip":true}},"branchMap":{"1":{"line":39,"type":"binary-expr","locations":[{"start":{"line":39,"column":23},"end":{"line":39,"column":62}},{"start":{"line":40,"column":20},"end":{"line":40,"column":70}},{"start":{"line":41,"column":20},"end":{"line":41,"column":71}},{"start":{"line":42,"column":20},"end":{"line":42,"column":29}}]},"2":{"line":44,"type":"binary-expr","locations":[{"start":{"line":44,"column":23},"end":{"line":44,"column":37}},{"start":{"line":45,"column":20},"end":{"line":45,"column":61}},{"start":{"line":46,"column":20},"end":{"line":46,"column":70}},{"start":{"line":47,"column":20},"end":{"line":47,"column":26}}]},"3":{"line":51,"type":"cond-expr","locations":[{"start":{"line":52,"column":14},"end":{"line":52,"column":20}},{"start":{"line":53,"column":14},"end":{"line":53,"column":20}}]},"4":{"line":55,"type":"binary-expr","locations":[{"start":{"line":55,"column":16},"end":{"line":55,"column":44}},{"start":{"line":55,"column":49},"end":{"line":57,"column":43}}]},"5":{"line":55,"type":"cond-expr","locations":[{"start":{"line":56,"column":14},"end":{"line":56,"column":57}},{"start":{"line":57,"column":14},"end":{"line":57,"column":43}}]},"6":{"line":61,"type":"switch","locations":[{"start":{"line":68,"column":4},"end":{"line":150,"column":14},"skip":true},{"start":{"line":156,"column":4},"end":{"line":324,"column":14},"skip":true}]},"7":{"line":70,"type":"if","locations":[{"start":{"line":70,"column":12},"end":{"line":70,"column":12},"skip":true},{"start":{"line":70,"column":12},"end":{"line":70,"column":12},"skip":true}]},"8":{"line":70,"type":"binary-expr","locations":[{"start":{"line":70,"column":16},"end":{"line":70,"column":22},"skip":true},{"start":{"line":70,"column":27},"end":{"line":70,"column":32},"skip":true},{"start":{"line":71,"column":20},"end":{"line":71,"column":39},"skip":true},{"start":{"line":72,"column":20},"end":{"line":72,"column":49},"skip":true},{"start":{"line":73,"column":20},"end":{"line":73,"column":58},"skip":true},{"start":{"line":74,"column":20},"end":{"line":74,"column":69},"skip":true}]},"9":{"line":79,"type":"switch","locations":[{"start":{"line":80,"column":20},"end":{"line":80,"column":33},"skip":true},{"start":{"line":81,"column":20},"end":{"line":83,"column":30},"skip":true},{"start":{"line":84,"column":20},"end":{"line":85,"column":49},"skip":true}]},"10":{"line":89,"type":"switch","locations":[{"start":{"line":90,"column":12},"end":{"line":103,"column":22},"skip":true},{"start":{"line":105,"column":12},"end":{"line":106,"column":22},"skip":true}]},"11":{"line":89,"type":"binary-expr","locations":[{"start":{"line":89,"column":20},"end":{"line":89,"column":25},"skip":true},{"start":{"line":89,"column":29},"end":{"line":89,"column":48},"skip":true},{"start":{"line":89,"column":52},"end":{"line":89,"column":74},"skip":true}]},"12":{"line":92,"type":"if","locations":[{"start":{"line":92,"column":16},"end":{"line":92,"column":16},"skip":true},{"start":{"line":92,"column":16},"end":{"line":92,"column":16},"skip":true}]},"13":{"line":108,"type":"if","locations":[{"start":{"line":108,"column":12},"end":{"line":108,"column":12},"skip":true},{"start":{"line":108,"column":12},"end":{"line":108,"column":12},"skip":true}]},"14":{"line":108,"type":"binary-expr","locations":[{"start":{"line":108,"column":16},"end":{"line":108,"column":61},"skip":true},{"start":{"line":108,"column":66},"end":{"line":108,"column":72},"skip":true},{"start":{"line":108,"column":77},"end":{"line":108,"column":82},"skip":true},{"start":{"line":109,"column":20},"end":{"line":109,"column":39},"skip":true},{"start":{"line":110,"column":20},"end":{"line":110,"column":49},"skip":true},{"start":{"line":111,"column":20},"end":{"line":111,"column":58},"skip":true},{"start":{"line":112,"column":20},"end":{"line":112,"column":68},"skip":true}]},"15":{"line":129,"type":"if","locations":[{"start":{"line":129,"column":16},"end":{"line":129,"column":16},"skip":true},{"start":{"line":129,"column":16},"end":{"line":129,"column":16},"skip":true}]},"16":{"line":134,"type":"cond-expr","locations":[{"start":{"line":135,"column":26},"end":{"line":135,"column":29},"skip":true},{"start":{"line":136,"column":26},"end":{"line":136,"column":54},"skip":true}]},"17":{"line":164,"type":"binary-expr","locations":[{"start":{"line":164,"column":27},"end":{"line":164,"column":43},"skip":true},{"start":{"line":164,"column":47},"end":{"line":164,"column":49},"skip":true}]},"18":{"line":258,"type":"if","locations":[{"start":{"line":258,"column":8},"end":{"line":258,"column":8},"skip":true},{"start":{"line":258,"column":8},"end":{"line":258,"column":8},"skip":true}]},"19":{"line":275,"type":"switch","locations":[{"start":{"line":276,"column":20},"end":{"line":277,"column":64},"skip":true},{"start":{"line":278,"column":20},"end":{"line":279,"column":40},"skip":true},{"start":{"line":280,"column":20},"end":{"line":281,"column":40},"skip":true},{"start":{"line":282,"column":20},"end":{"line":283,"column":39},"skip":true}]},"20":{"line":288,"type":"if","locations":[{"start":{"line":288,"column":8},"end":{"line":288,"column":8},"skip":true},{"start":{"line":288,"column":8},"end":{"line":288,"column":8},"skip":true}]},"21":{"line":288,"type":"binary-expr","locations":[{"start":{"line":288,"column":12},"end":{"line":288,"column":40},"skip":true},{"start":{"line":288,"column":44},"end":{"line":288,"column":67},"skip":true}]},"22":{"line":292,"type":"binary-expr","locations":[{"start":{"line":292,"column":12},"end":{"line":292,"column":50},"skip":true},{"start":{"line":293,"column":12},"end":{"line":293,"column":53},"skip":true}]},"23":{"line":297,"type":"binary-expr","locations":[{"start":{"line":297,"column":12},"end":{"line":297,"column":71},"skip":true},{"start":{"line":298,"column":12},"end":{"line":301,"column":36},"skip":true}]},"24":{"line":303,"type":"binary-expr","locations":[{"start":{"line":303,"column":43},"end":{"line":303,"column":75},"skip":true},{"start":{"line":303,"column":79},"end":{"line":303,"column":81},"skip":true}]},"25":{"line":306,"type":"if","locations":[{"start":{"line":306,"column":8},"end":{"line":306,"column":8},"skip":true},{"start":{"line":306,"column":8},"end":{"line":306,"column":8},"skip":true}]},"26":{"line":310,"type":"if","locations":[{"start":{"line":310,"column":8},"end":{"line":310,"column":8},"skip":true},{"start":{"line":310,"column":8},"end":{"line":310,"column":8},"skip":true}]},"27":{"line":313,"type":"binary-expr","locations":[{"start":{"line":313,"column":27},"end":{"line":313,"column":43},"skip":true},{"start":{"line":313,"column":47},"end":{"line":313,"column":53},"skip":true}]},"28":{"line":317,"type":"if","locations":[{"start":{"line":317,"column":12},"end":{"line":317,"column":12},"skip":true},{"start":{"line":317,"column":12},"end":{"line":317,"column":12},"skip":true}]}},"code":["/*","example.js","","quickstart example","","instruction","    1. save this script as example.js","    2. run the shell command:","        $ npm install npmtest-socketcluster && PORT=8081 node example.js","    3. play with the browser-demo on http://127.0.0.1:8081","*/","","","","/* istanbul instrument in package npmtest_socketcluster */","/*jslint","    bitwise: true,","    browser: true,","    maxerr: 8,","    maxlen: 96,","    node: true,","    nomen: true,","    regexp: true,","    stupid: true","*/","(function () {","    'use strict';","    var local;","","","","    // run shared js-env code - pre-init","    (function () {","        // init local","        local = {};","        // init modeJs","        local.modeJs = (function () {","            try {","                return typeof navigator.userAgent === 'string' &&","                    typeof document.querySelector('body') === 'object' &&","                    typeof XMLHttpRequest.prototype.open === 'function' &&","                    'browser';","            } catch (errorCaughtBrowser) {","                return module.exports &&","                    typeof process.versions.node === 'string' &&","                    typeof require('http').createServer === 'function' &&","                    'node';","            }","        }());","        // init global","        local.global = local.modeJs === 'browser'","            ? window","            : global;","        // init utility2_rollup","        local = local.global.utility2_rollup || (local.modeJs === 'browser'","            ? local.global.utility2_npmtest_socketcluster","            : global.utility2_moduleExports);","        // export local","        local.global.local = local;","    }());","    switch (local.modeJs) {","","","","    // post-init","    // run browser js-env code - post-init","    /* istanbul ignore next */","    case 'browser':","        local.testRunBrowser = function (event) {","            if (!event || (event &&","                    event.currentTarget &&","                    event.currentTarget.className &&","                    event.currentTarget.className.includes &&","                    event.currentTarget.className.includes('onreset'))) {","                // reset output","                Array.from(","                    document.querySelectorAll('body > .resettable')","                ).forEach(function (element) {","                    switch (element.tagName) {","                    case 'INPUT':","                    case 'TEXTAREA':","                        element.value = '';","                        break;","                    default:","                        element.textContent = '';","                    }","                });","            }","            switch (event && event.currentTarget && event.currentTarget.id) {","            case 'testRunButton1':","                // show tests","                if (document.querySelector('#testReportDiv1').style.display === 'none') {","                    document.querySelector('#testReportDiv1').style.display = 'block';","                    document.querySelector('#testRunButton1').textContent =","                        'hide internal test';","                    local.modeTest = true;","                    local.testRunDefault(local);","                // hide tests","                } else {","                    document.querySelector('#testReportDiv1').style.display = 'none';","                    document.querySelector('#testRunButton1').textContent = 'run internal test';","                }","                break;","            // custom-case","            default:","                break;","            }","            if (document.querySelector('#inputTextareaEval1') && (!event || (event &&","                    event.currentTarget &&","                    event.currentTarget.className &&","                    event.currentTarget.className.includes &&","                    event.currentTarget.className.includes('oneval')))) {","                // try to eval input-code","                try {","                    /*jslint evil: true*/","                    eval(document.querySelector('#inputTextareaEval1').value);","                } catch (errorCaught) {","                    console.error(errorCaught);","                }","            }","        };","        // log stderr and stdout to #outputTextareaStdout1","        ['error', 'log'].forEach(function (key) {","            console[key + '_original'] = console[key];","            console[key] = function () {","                var element;","                console[key + '_original'].apply(console, arguments);","                element = document.querySelector('#outputTextareaStdout1');","                if (!element) {","                    return;","                }","                // append text to #outputTextareaStdout1","                element.value += Array.from(arguments).map(function (arg) {","                    return typeof arg === 'string'","                        ? arg","                        : JSON.stringify(arg, null, 4);","                }).join(' ') + '\\n';","                // scroll textarea to bottom","                element.scrollTop = element.scrollHeight;","            };","        });","        // init event-handling","        ['change', 'click', 'keyup'].forEach(function (event) {","            Array.from(document.querySelectorAll('.on' + event)).forEach(function (element) {","                element.addEventListener(event, local.testRunBrowser);","            });","        });","        // run tests","        local.testRunBrowser();","        break;","","","","    // run node js-env code - post-init","    /* istanbul ignore next */","    case 'node':","        // export local","        module.exports = local;","        // require modules","        local.fs = require('fs');","        local.http = require('http');","        local.url = require('url');","        // init assets","        local.assetsDict = local.assetsDict || {};","        /* jslint-ignore-begin */","        local.assetsDict['/assets.index.template.html'] = '\\","<!doctype html>\\n\\","<html lang=\"en\">\\n\\","<head>\\n\\","<meta charset=\"UTF-8\">\\n\\","<meta name=\"viewport\" content=\"width=device-width, initial-scale=1\">\\n\\","<title>{{env.npm_package_name}} (v{{env.npm_package_version}})</title>\\n\\","<style>\\n\\","/*csslint\\n\\","    box-sizing: false,\\n\\","    universal-selector: false\\n\\","*/\\n\\","* {\\n\\","    box-sizing: border-box;\\n\\","}\\n\\","body {\\n\\","    background: #dde;\\n\\","    font-family: Arial, Helvetica, sans-serif;\\n\\","    margin: 2rem;\\n\\","}\\n\\","body > * {\\n\\","    margin-bottom: 1rem;\\n\\","}\\n\\",".utility2FooterDiv {\\n\\","    margin-top: 20px;\\n\\","    text-align: center;\\n\\","}\\n\\","</style>\\n\\","<style>\\n\\","/*csslint\\n\\","*/\\n\\","textarea {\\n\\","    font-family: monospace;\\n\\","    height: 10rem;\\n\\","    width: 100%;\\n\\","}\\n\\","textarea[readonly] {\\n\\","    background: #ddd;\\n\\","}\\n\\","</style>\\n\\","</head>\\n\\","<body>\\n\\","<!-- utility2-comment\\n\\","<div id=\"ajaxProgressDiv1\" style=\"background: #d00; height: 2px; left: 0; margin: 0; padding: 0; position: fixed; top: 0; transition: background 0.5s, width 1.5s; width: 25%;\"></div>\\n\\","utility2-comment -->\\n\\","<h1>\\n\\","<!-- utility2-comment\\n\\","    <a\\n\\","        {{#if env.npm_package_homepage}}\\n\\","        href=\"{{env.npm_package_homepage}}\"\\n\\","        {{/if env.npm_package_homepage}}\\n\\","        target=\"_blank\"\\n\\","    >\\n\\","utility2-comment -->\\n\\","        {{env.npm_package_name}} (v{{env.npm_package_version}})\\n\\","<!-- utility2-comment\\n\\","    </a>\\n\\","utility2-comment -->\\n\\","</h1>\\n\\","<h3>{{env.npm_package_description}}</h3>\\n\\","<!-- utility2-comment\\n\\","<h4><a download href=\"assets.app.js\">download standalone app</a></h4>\\n\\","<button class=\"onclick onreset\" id=\"testRunButton1\">run internal test</button><br>\\n\\","<div id=\"testReportDiv1\" style=\"display: none;\"></div>\\n\\","utility2-comment -->\\n\\","\\n\\","\\n\\","\\n\\","<label>stderr and stdout</label>\\n\\","<textarea class=\"resettable\" id=\"outputTextareaStdout1\" readonly></textarea>\\n\\","<!-- utility2-comment\\n\\","{{#if isRollup}}\\n\\","<script src=\"assets.app.js\"></script>\\n\\","{{#unless isRollup}}\\n\\","utility2-comment -->\\n\\","<script src=\"assets.utility2.rollup.js\"></script>\\n\\","<script src=\"jsonp.utility2._stateInit?callback=window.utility2._stateInit\"></script>\\n\\","<script src=\"assets.npmtest_socketcluster.rollup.js\"></script>\\n\\","<script src=\"assets.example.js\"></script>\\n\\","<script src=\"assets.test.js\"></script>\\n\\","<!-- utility2-comment\\n\\","{{/if isRollup}}\\n\\","utility2-comment -->\\n\\","<div class=\"utility2FooterDiv\">\\n\\","    [ this app was created with\\n\\","    <a href=\"https://github.com/kaizhu256/node-utility2\" target=\"_blank\">utility2</a>\\n\\","    ]\\n\\","</div>\\n\\","</body>\\n\\","</html>\\n\\","';","        /* jslint-ignore-end */","        if (local.templateRender) {","            local.assetsDict['/'] = local.templateRender(","                local.assetsDict['/assets.index.template.html'],","                {","                    env: local.objectSetDefault(local.env, {","                        npm_package_description: 'the greatest app in the world!',","                        npm_package_name: 'my-app',","                        npm_package_nameAlias: 'my_app',","                        npm_package_version: '0.0.1'","                    })","                }","            );","        } else {","            local.assetsDict['/'] = local.assetsDict['/assets.index.template.html']","                .replace((/\\{\\{env\\.(\\w+?)\\}\\}/g), function (match0, match1) {","                    // jslint-hack","                    String(match0);","                    switch (match1) {","                    case 'npm_package_description':","                        return 'the greatest app in the world!';","                    case 'npm_package_name':","                        return 'my-app';","                    case 'npm_package_nameAlias':","                        return 'my_app';","                    case 'npm_package_version':","                        return '0.0.1';","                    }","                });","        }","        // run the cli","        if (local.global.utility2_rollup || module !== require.main) {","            break;","        }","        local.assetsDict['/assets.example.js'] =","            local.assetsDict['/assets.example.js'] ||","            local.fs.readFileSync(__filename, 'utf8');","        // bug-workaround - long $npm_package_buildCustomOrg","        /* jslint-ignore-begin */","        local.assetsDict['/assets.npmtest_socketcluster.rollup.js'] =","            local.assetsDict['/assets.npmtest_socketcluster.rollup.js'] ||","            local.fs.readFileSync(","                local.npmtest_socketcluster.__dirname + '/lib.npmtest_socketcluster.js',","                'utf8'","            ).replace((/^#!/), '//');","        /* jslint-ignore-end */","        local.assetsDict['/favicon.ico'] = local.assetsDict['/favicon.ico'] || '';","        // if $npm_config_timeout_exit exists,","        // then exit this process after $npm_config_timeout_exit ms","        if (Number(process.env.npm_config_timeout_exit)) {","            setTimeout(process.exit, Number(process.env.npm_config_timeout_exit));","        }","        // start server","        if (local.global.utility2_serverHttp1) {","            break;","        }","        process.env.PORT = process.env.PORT || '8081';","        console.error('server starting on port ' + process.env.PORT);","        local.http.createServer(function (request, response) {","            request.urlParsed = local.url.parse(request.url);","            if (local.assetsDict[request.urlParsed.pathname] !== undefined) {","                response.end(local.assetsDict[request.urlParsed.pathname]);","                return;","            }","            response.statusCode = 404;","            response.end();","        }).listen(process.env.PORT);","        break;","    }","}());",""],"l":{"26":2,"28":2,"33":2,"35":2,"37":2,"38":2,"39":2,"44":1,"51":2,"55":2,"59":2,"61":2,"69":1,"70":2,"76":2,"79":2,"82":2,"83":2,"85":1,"89":2,"92":1,"93":1,"94":1,"96":1,"97":1,"100":1,"101":1,"103":1,"106":1,"108":2,"114":1,"116":1,"118":1,"123":1,"124":2,"125":2,"126":3,"127":3,"128":3,"129":3,"130":1,"133":3,"134":3,"139":3,"143":1,"144":3,"145":1,"149":1,"150":1,"158":1,"160":1,"161":1,"162":1,"164":1,"166":1,"258":1,"259":1,"271":1,"274":6,"275":6,"277":1,"279":2,"281":1,"283":2,"288":1,"289":1,"291":1,"296":1,"303":1,"306":1,"307":1,"310":1,"311":1,"313":1,"314":1,"315":1,"316":1,"317":1,"318":1,"319":1,"321":1,"322":1,"324":1}},"/home/travis/build/npmtest/node-npmtest-socketcluster/node_modules/socketcluster/index.js":{"path":"/home/travis/build/npmtest/node-npmtest-socketcluster/node_modules/socketcluster/index.js","s":{"1":1,"2":1,"3":1,"4":1,"5":1,"6":1,"7":1,"8":1,"9":1,"10":1,"11":1,"12":1,"13":1,"14":1,"15":1,"16":1,"17":1,"18":1,"19":1,"20":1,"21":0,"22":0,"23":0,"24":0,"25":0,"26":0,"27":0,"28":0,"29":0,"30":0,"31":0,"32":0,"33":0,"34":0,"35":0,"36":0,"37":0,"38":0,"39":0,"40":1,"41":1,"42":0,"43":0,"44":0,"45":0,"46":0,"47":0,"48":0,"49":0,"50":0,"51":0,"52":0,"53":0,"54":0,"55":0,"56":0,"57":0,"58":0,"59":0,"60":0,"61":0,"62":0,"63":0,"64":0,"65":0,"66":0,"67":0,"68":0,"69":0,"70":0,"71":0,"72":0,"73":0,"74":0,"75":0,"76":0,"77":0,"78":0,"79":0,"80":0,"81":0,"82":0,"83":0,"84":0,"85":0,"86":0,"87":0,"88":0,"89":0,"90":0,"91":0,"92":0,"93":0,"94":0,"95":0,"96":0,"97":0,"98":0,"99":0,"100":0,"101":0,"102":0,"103":0,"104":0,"105":0,"106":0,"107":0,"108":0,"109":0,"110":0,"111":0,"112":0,"113":0,"114":0,"115":0,"116":0,"117":0,"118":0,"119":0,"120":0,"121":0,"122":0,"123":0,"124":0,"125":0,"126":0,"127":0,"128":0,"129":0,"130":0,"131":0,"132":0,"133":0,"134":0,"135":0,"136":0,"137":0,"138":0,"139":0,"140":0,"141":0,"142":0,"143":0,"144":0,"145":0,"146":0,"147":0,"148":0,"149":0,"150":0,"151":0,"152":0,"153":0,"154":0,"155":0,"156":0,"157":0,"158":0,"159":1,"160":0,"161":1,"162":0,"163":0,"164":0,"165":0,"166":1,"167":0,"168":0,"169":0,"170":1,"171":0,"172":0,"173":0,"174":0,"175":0,"176":0,"177":0,"178":0,"179":0,"180":0,"181":0,"182":0,"183":1,"184":0,"185":0,"186":0,"187":0,"188":0,"189":0,"190":0,"191":0,"192":0,"193":0,"194":0,"195":1,"196":0,"197":0,"198":0,"199":0,"200":0,"201":0,"202":0,"203":0,"204":0,"205":1,"206":0,"207":0,"208":0,"209":0,"210":0,"211":0,"212":0,"213":1,"214":0,"215":1,"216":0,"217":1,"218":0,"219":0,"220":0,"221":1,"222":0,"223":0,"224":0,"225":1,"226":0,"227":0,"228":1,"229":0,"230":0,"231":0,"232":0,"233":0,"234":0,"235":0,"236":0,"237":0,"238":0,"239":0,"240":0,"241":0,"242":0,"243":0,"244":0,"245":1,"246":0,"247":0,"248":0,"249":0,"250":0,"251":0,"252":1,"253":0,"254":0,"255":0,"256":1,"257":0,"258":0,"259":0,"260":0,"261":0,"262":0,"263":1,"264":0,"265":0,"266":0,"267":0,"268":0,"269":0,"270":0,"271":0,"272":0,"273":0,"274":0,"275":0,"276":0,"277":0,"278":0,"279":0,"280":0,"281":0,"282":0,"283":0,"284":0,"285":0,"286":0,"287":0,"288":0,"289":0,"290":0,"291":0,"292":0,"293":0,"294":0,"295":0,"296":0,"297":0,"298":0,"299":0,"300":0,"301":0,"302":0,"303":0,"304":0,"305":0,"306":0,"307":0,"308":0,"309":0,"310":0,"311":0,"312":0,"313":0,"314":0,"315":0,"316":0,"317":1,"318":0,"319":0,"320":0,"321":0,"322":0,"323":0,"324":0,"325":0,"326":0,"327":0,"328":0,"329":1,"330":0,"331":0,"332":0,"333":0,"334":0,"335":0,"336":0,"337":0,"338":0,"339":0,"340":0,"341":0,"342":0,"343":0,"344":0,"345":0,"346":0,"347":0,"348":0,"349":0,"350":0,"351":0,"352":0,"353":0,"354":0,"355":0,"356":0,"357":1,"358":0,"359":1,"360":0,"361":1,"362":0,"363":0,"364":1,"365":0,"366":0,"367":1,"368":0,"369":0,"370":0,"371":1,"372":0,"373":0,"374":0,"375":0,"376":0,"377":1,"378":0,"379":0,"380":0,"381":0,"382":0,"383":1},"b":{"1":[0,0],"2":[0,0],"3":[0,0],"4":[0,0],"5":[0,0],"6":[0,0],"7":[0,0],"8":[0,0],"9":[0,0],"10":[0,0],"11":[0,0],"12":[0,0],"13":[0,0],"14":[0,0],"15":[0,0],"16":[0,0],"17":[0,0],"18":[0,0],"19":[0,0],"20":[0,0],"21":[0,0],"22":[0,0],"23":[0,0],"24":[0,0],"25":[0,0],"26":[0,0],"27":[0,0],"28":[0,0],"29":[0,0],"30":[0,0],"31":[0,0],"32":[0,0],"33":[0,0],"34":[0,0],"35":[0,0],"36":[0,0],"37":[0,0],"38":[0,0],"39":[0,0],"40":[0,0],"41":[0,0],"42":[0,0],"43":[0,0],"44":[0,0,0],"45":[0,0],"46":[0,0],"47":[0,0],"48":[0,0],"49":[0,0],"50":[0,0],"51":[0,0],"52":[0,0],"53":[0,0],"54":[0,0],"55":[0,0],"56":[0,0],"57":[0,0],"58":[0,0],"59":[0,0],"60":[0,0],"61":[0,0],"62":[0,0],"63":[0,0],"64":[0,0,0],"65":[0,0],"66":[0,0,0],"67":[0,0],"68":[0,0],"69":[0,0],"70":[0,0],"71":[0,0],"72":[0,0],"73":[0,0],"74":[0,0],"75":[0,0],"76":[0,0],"77":[0,0],"78":[0,0],"79":[0,0],"80":[0,0],"81":[0,0],"82":[0,0],"83":[0,0],"84":[0,0,0],"85":[0,0],"86":[0,0],"87":[0,0],"88":[0,0],"89":[0,0],"90":[0,0],"91":[0,0],"92":[0,0],"93":[0,0],"94":[0,0],"95":[0,0]},"f":{"1":0,"2":0,"3":0,"4":0,"5":0,"6":0,"7":0,"8":0,"9":0,"10":0,"11":0,"12":0,"13":0,"14":0,"15":0,"16":0,"17":0,"18":0,"19":0,"20":0,"21":0,"22":0,"23":0,"24":0,"25":0,"26":0,"27":0,"28":0,"29":0,"30":0,"31":0,"32":0,"33":0,"34":0,"35":0,"36":0,"37":0,"38":0,"39":0,"40":0,"41":0},"fnMap":{"1":{"name":"(anonymous_1)","line":23,"loc":{"start":{"line":23,"column":20},"end":{"line":23,"column":39}}},"2":{"name":"(anonymous_2)","line":44,"loc":{"start":{"line":44,"column":32},"end":{"line":44,"column":47}}},"3":{"name":"(anonymous_3)","line":51,"loc":{"start":{"line":51,"column":24},"end":{"line":51,"column":36}}},"4":{"name":"(anonymous_4)","line":58,"loc":{"start":{"line":58,"column":32},"end":{"line":58,"column":51}}},"5":{"name":"(anonymous_5)","line":136,"loc":{"start":{"line":136,"column":23},"end":{"line":136,"column":47}}},"6":{"name":"(anonymous_6)","line":229,"loc":{"start":{"line":229,"column":40},"end":{"line":229,"column":56}}},"7":{"name":"(anonymous_7)","line":296,"loc":{"start":{"line":296,"column":28},"end":{"line":296,"column":43}}},"8":{"name":"(anonymous_8)","line":313,"loc":{"start":{"line":313,"column":46},"end":{"line":313,"column":71}}},"9":{"name":"(anonymous_9)","line":327,"loc":{"start":{"line":327,"column":47},"end":{"line":327,"column":67}}},"10":{"name":"(anonymous_10)","line":331,"loc":{"start":{"line":331,"column":48},"end":{"line":331,"column":60}}},"11":{"name":"(anonymous_11)","line":339,"loc":{"start":{"line":339,"column":49},"end":{"line":339,"column":64}}},"12":{"name":"(anonymous_12)","line":346,"loc":{"start":{"line":346,"column":37},"end":{"line":346,"column":67}}},"13":{"name":"(anonymous_13)","line":369,"loc":{"start":{"line":369,"column":39},"end":{"line":369,"column":62}}},"14":{"name":"(anonymous_14)","line":388,"loc":{"start":{"line":388,"column":41},"end":{"line":388,"column":68}}},"15":{"name":"(anonymous_15)","line":405,"loc":{"start":{"line":405,"column":38},"end":{"line":405,"column":62}}},"16":{"name":"(anonymous_16)","line":425,"loc":{"start":{"line":425,"column":53},"end":{"line":425,"column":75}}},"17":{"name":"(anonymous_17)","line":432,"loc":{"start":{"line":432,"column":46},"end":{"line":432,"column":74}}},"18":{"name":"(anonymous_18)","line":439,"loc":{"start":{"line":439,"column":52},"end":{"line":439,"column":74}}},"19":{"name":"(anonymous_19)","line":449,"loc":{"start":{"line":449,"column":46},"end":{"line":449,"column":74}}},"20":{"name":"(anonymous_20)","line":459,"loc":{"start":{"line":459,"column":48},"end":{"line":459,"column":78}}},"21":{"name":"(anonymous_21)","line":467,"loc":{"start":{"line":467,"column":53},"end":{"line":467,"column":65}}},"22":{"name":"(anonymous_22)","line":472,"loc":{"start":{"line":472,"column":28},"end":{"line":472,"column":40}}},"23":{"name":"(anonymous_23)","line":494,"loc":{"start":{"line":494,"column":45},"end":{"line":494,"column":67}}},"24":{"name":"(anonymous_24)","line":505,"loc":{"start":{"line":505,"column":46},"end":{"line":505,"column":68}}},"25":{"name":"(anonymous_25)","line":512,"loc":{"start":{"line":512,"column":51},"end":{"line":512,"column":72}}},"26":{"name":"(anonymous_26)","line":525,"loc":{"start":{"line":525,"column":47},"end":{"line":525,"column":59}}},"27":{"name":"(anonymous_27)","line":533,"loc":{"start":{"line":533,"column":38},"end":{"line":533,"column":53}}},"28":{"name":"workerHandler","line":586,"loc":{"start":{"line":586,"column":36},"end":{"line":586,"column":62}}},"29":{"name":"(anonymous_29)","line":611,"loc":{"start":{"line":611,"column":48},"end":{"line":611,"column":60}}},"30":{"name":"(anonymous_30)","line":626,"loc":{"start":{"line":626,"column":33},"end":{"line":626,"column":45}}},"31":{"name":"(anonymous_31)","line":641,"loc":{"start":{"line":641,"column":32},"end":{"line":641,"column":44}}},"32":{"name":"(anonymous_32)","line":646,"loc":{"start":{"line":646,"column":27},"end":{"line":646,"column":39}}},"33":{"name":"(anonymous_33)","line":671,"loc":{"start":{"line":671,"column":41},"end":{"line":671,"column":56}}},"34":{"name":"(anonymous_34)","line":681,"loc":{"start":{"line":681,"column":49},"end":{"line":681,"column":75}}},"35":{"name":"(anonymous_35)","line":689,"loc":{"start":{"line":689,"column":39},"end":{"line":689,"column":65}}},"36":{"name":"(anonymous_36)","line":697,"loc":{"start":{"line":697,"column":39},"end":{"line":697,"column":65}}},"37":{"name":"(anonymous_37)","line":704,"loc":{"start":{"line":704,"column":38},"end":{"line":704,"column":57}}},"38":{"name":"(anonymous_38)","line":713,"loc":{"start":{"line":713,"column":38},"end":{"line":713,"column":50}}},"39":{"name":"(anonymous_39)","line":719,"loc":{"start":{"line":719,"column":30},"end":{"line":719,"column":55}}},"40":{"name":"(anonymous_40)","line":726,"loc":{"start":{"line":726,"column":39},"end":{"line":726,"column":57}}},"41":{"name":"(anonymous_41)","line":736,"loc":{"start":{"line":736,"column":36},"end":{"line":736,"column":62}}}},"statementMap":{"1":{"start":{"line":1,"column":0},"end":{"line":1,"column":27}},"2":{"start":{"line":2,"column":0},"end":{"line":2,"column":31}},"3":{"start":{"line":3,"column":0},"end":{"line":3,"column":50}},"4":{"start":{"line":4,"column":0},"end":{"line":4,"column":34}},"5":{"start":{"line":5,"column":0},"end":{"line":5,"column":41}},"6":{"start":{"line":6,"column":0},"end":{"line":6,"column":23}},"7":{"start":{"line":7,"column":0},"end":{"line":7,"column":29}},"8":{"start":{"line":8,"column":0},"end":{"line":8,"column":38}},"9":{"start":{"line":9,"column":0},"end":{"line":9,"column":27}},"10":{"start":{"line":10,"column":0},"end":{"line":10,"column":36}},"11":{"start":{"line":11,"column":0},"end":{"line":11,"column":54}},"12":{"start":{"line":12,"column":0},"end":{"line":12,"column":33}},"13":{"start":{"line":14,"column":0},"end":{"line":14,"column":36}},"14":{"start":{"line":15,"column":0},"end":{"line":15,"column":55}},"15":{"start":{"line":16,"column":0},"end":{"line":16,"column":53}},"16":{"start":{"line":17,"column":0},"end":{"line":17,"column":39}},"17":{"start":{"line":18,"column":0},"end":{"line":18,"column":49}},"18":{"start":{"line":19,"column":0},"end":{"line":19,"column":41}},"19":{"start":{"line":21,"column":0},"end":{"line":21,"column":34}},"20":{"start":{"line":23,"column":0},"end":{"line":54,"column":2}},"21":{"start":{"line":24,"column":2},"end":{"line":24,"column":18}},"22":{"start":{"line":25,"column":2},"end":{"line":29,"column":3}},"23":{"start":{"line":26,"column":4},"end":{"line":26,"column":143}},"24":{"start":{"line":27,"column":4},"end":{"line":27,"column":63}},"25":{"start":{"line":28,"column":4},"end":{"line":28,"column":35}},"26":{"start":{"line":30,"column":2},"end":{"line":30,"column":32}},"27":{"start":{"line":32,"column":2},"end":{"line":32,"column":27}},"28":{"start":{"line":33,"column":2},"end":{"line":33,"column":33}},"29":{"start":{"line":34,"column":2},"end":{"line":34,"column":27}},"30":{"start":{"line":35,"column":2},"end":{"line":35,"column":29}},"31":{"start":{"line":36,"column":2},"end":{"line":36,"column":42}},"32":{"start":{"line":37,"column":2},"end":{"line":37,"column":40}},"33":{"start":{"line":39,"column":2},"end":{"line":41,"column":4}},"34":{"start":{"line":43,"column":2},"end":{"line":43,"column":38}},"35":{"start":{"line":44,"column":2},"end":{"line":48,"column":5}},"36":{"start":{"line":45,"column":4},"end":{"line":47,"column":7}},"37":{"start":{"line":49,"column":2},"end":{"line":49,"column":30}},"38":{"start":{"line":51,"column":2},"end":{"line":53,"column":5}},"39":{"start":{"line":52,"column":4},"end":{"line":52,"column":24}},"40":{"start":{"line":56,"column":0},"end":{"line":56,"column":64}},"41":{"start":{"line":58,"column":0},"end":{"line":325,"column":2}},"42":{"start":{"line":59,"column":2},"end":{"line":59,"column":18}},"43":{"start":{"line":61,"column":2},"end":{"line":61,"column":29}},"44":{"start":{"line":62,"column":2},"end":{"line":62,"column":84}},"45":{"start":{"line":64,"column":2},"end":{"line":114,"column":4}},"46":{"start":{"line":116,"column":2},"end":{"line":116,"column":23}},"47":{"start":{"line":117,"column":2},"end":{"line":117,"column":29}},"48":{"start":{"line":119,"column":2},"end":{"line":123,"column":4}},"49":{"start":{"line":125,"column":2},"end":{"line":129,"column":3}},"50":{"start":{"line":126,"column":4},"end":{"line":128,"column":5}},"51":{"start":{"line":127,"column":6},"end":{"line":127,"column":35}},"52":{"start":{"line":132,"column":2},"end":{"line":132,"column":61}},"53":{"start":{"line":134,"column":2},"end":{"line":134,"column":39}},"54":{"start":{"line":136,"column":2},"end":{"line":141,"column":4}},"55":{"start":{"line":137,"column":4},"end":{"line":140,"column":5}},"56":{"start":{"line":138,"column":6},"end":{"line":139,"column":63}},"57":{"start":{"line":143,"column":2},"end":{"line":143,"column":31}},"58":{"start":{"line":144,"column":2},"end":{"line":144,"column":33}},"59":{"start":{"line":145,"column":2},"end":{"line":145,"column":32}},"60":{"start":{"line":146,"column":2},"end":{"line":146,"column":41}},"61":{"start":{"line":147,"column":2},"end":{"line":147,"column":39}},"62":{"start":{"line":149,"column":2},"end":{"line":151,"column":3}},"63":{"start":{"line":150,"column":4},"end":{"line":150,"column":37}},"64":{"start":{"line":153,"column":2},"end":{"line":157,"column":3}},"65":{"start":{"line":154,"column":4},"end":{"line":156,"column":56}},"66":{"start":{"line":159,"column":2},"end":{"line":163,"column":4}},"67":{"start":{"line":165,"column":2},"end":{"line":169,"column":3}},"68":{"start":{"line":166,"column":6},"end":{"line":166,"column":84}},"69":{"start":{"line":168,"column":6},"end":{"line":168,"column":47}},"70":{"start":{"line":171,"column":2},"end":{"line":175,"column":3}},"71":{"start":{"line":172,"column":4},"end":{"line":172,"column":67}},"72":{"start":{"line":174,"column":4},"end":{"line":174,"column":53}},"73":{"start":{"line":177,"column":2},"end":{"line":177,"column":44}},"74":{"start":{"line":178,"column":2},"end":{"line":178,"column":52}},"75":{"start":{"line":179,"column":2},"end":{"line":179,"column":56}},"76":{"start":{"line":181,"column":2},"end":{"line":181,"column":56}},"77":{"start":{"line":183,"column":2},"end":{"line":211,"column":3}},"78":{"start":{"line":184,"column":4},"end":{"line":188,"column":5}},"79":{"start":{"line":185,"column":6},"end":{"line":185,"column":58}},"80":{"start":{"line":187,"column":6},"end":{"line":187,"column":96}},"81":{"start":{"line":190,"column":4},"end":{"line":190,"column":35}},"82":{"start":{"line":191,"column":4},"end":{"line":196,"column":5}},"83":{"start":{"line":192,"column":6},"end":{"line":192,"column":67}},"84":{"start":{"line":194,"column":6},"end":{"line":194,"column":56}},"85":{"start":{"line":195,"column":6},"end":{"line":195,"column":72}},"86":{"start":{"line":197,"column":4},"end":{"line":203,"column":5}},"87":{"start":{"line":198,"column":6},"end":{"line":202,"column":7}},"88":{"start":{"line":199,"column":8},"end":{"line":199,"column":33}},"89":{"start":{"line":201,"column":8},"end":{"line":201,"column":123}},"90":{"start":{"line":204,"column":4},"end":{"line":204,"column":29}},"91":{"start":{"line":205,"column":4},"end":{"line":209,"column":5}},"92":{"start":{"line":206,"column":6},"end":{"line":208,"column":22}},"93":{"start":{"line":207,"column":8},"end":{"line":207,"column":46}},"94":{"start":{"line":210,"column":4},"end":{"line":210,"column":36}},"95":{"start":{"line":213,"column":2},"end":{"line":217,"column":3}},"96":{"start":{"line":214,"column":4},"end":{"line":214,"column":86}},"97":{"start":{"line":216,"column":4},"end":{"line":216,"column":47}},"98":{"start":{"line":219,"column":2},"end":{"line":261,"column":3}},"99":{"start":{"line":220,"column":4},"end":{"line":220,"column":49}},"100":{"start":{"line":221,"column":4},"end":{"line":223,"column":5}},"101":{"start":{"line":222,"column":6},"end":{"line":222,"column":47}},"102":{"start":{"line":224,"column":4},"end":{"line":226,"column":5}},"103":{"start":{"line":225,"column":6},"end":{"line":225,"column":49}},"104":{"start":{"line":227,"column":4},"end":{"line":239,"column":5}},"105":{"start":{"line":228,"column":6},"end":{"line":238,"column":7}},"106":{"start":{"line":229,"column":8},"end":{"line":235,"column":11}},"107":{"start":{"line":230,"column":10},"end":{"line":234,"column":11}},"108":{"start":{"line":231,"column":12},"end":{"line":231,"column":35}},"109":{"start":{"line":233,"column":12},"end":{"line":233,"column":24}},"110":{"start":{"line":236,"column":13},"end":{"line":238,"column":7}},"111":{"start":{"line":237,"column":8},"end":{"line":237,"column":47}},"112":{"start":{"line":240,"column":4},"end":{"line":242,"column":5}},"113":{"start":{"line":241,"column":6},"end":{"line":241,"column":55}},"114":{"start":{"line":243,"column":4},"end":{"line":260,"column":5}},"115":{"start":{"line":244,"column":6},"end":{"line":259,"column":7}},"116":{"start":{"line":245,"column":8},"end":{"line":245,"column":58}},"117":{"start":{"line":246,"column":8},"end":{"line":250,"column":9}},"118":{"start":{"line":247,"column":10},"end":{"line":248,"column":81}},"119":{"start":{"line":249,"column":10},"end":{"line":249,"column":49}},"120":{"start":{"line":251,"column":13},"end":{"line":259,"column":7}},"121":{"start":{"line":252,"column":8},"end":{"line":253,"column":79}},"122":{"start":{"line":254,"column":8},"end":{"line":254,"column":47}},"123":{"start":{"line":256,"column":8},"end":{"line":257,"column":75}},"124":{"start":{"line":258,"column":8},"end":{"line":258,"column":47}},"125":{"start":{"line":263,"column":2},"end":{"line":265,"column":3}},"126":{"start":{"line":264,"column":4},"end":{"line":264,"column":73}},"127":{"start":{"line":266,"column":2},"end":{"line":268,"column":3}},"128":{"start":{"line":267,"column":4},"end":{"line":267,"column":71}},"129":{"start":{"line":270,"column":2},"end":{"line":272,"column":3}},"130":{"start":{"line":271,"column":4},"end":{"line":271,"column":29}},"131":{"start":{"line":273,"column":2},"end":{"line":275,"column":3}},"132":{"start":{"line":274,"column":4},"end":{"line":274,"column":73}},"133":{"start":{"line":277,"column":2},"end":{"line":279,"column":3}},"134":{"start":{"line":278,"column":4},"end":{"line":278,"column":29}},"135":{"start":{"line":280,"column":2},"end":{"line":282,"column":3}},"136":{"start":{"line":281,"column":4},"end":{"line":281,"column":73}},"137":{"start":{"line":284,"column":2},"end":{"line":284,"column":34}},"138":{"start":{"line":285,"column":2},"end":{"line":285,"column":36}},"139":{"start":{"line":286,"column":2},"end":{"line":286,"column":32}},"140":{"start":{"line":288,"column":2},"end":{"line":288,"column":34}},"141":{"start":{"line":290,"column":2},"end":{"line":290,"column":58}},"142":{"start":{"line":292,"column":2},"end":{"line":294,"column":3}},"143":{"start":{"line":293,"column":4},"end":{"line":293,"column":89}},"144":{"start":{"line":296,"column":2},"end":{"line":298,"column":5}},"145":{"start":{"line":297,"column":4},"end":{"line":297,"column":47}},"146":{"start":{"line":303,"column":2},"end":{"line":306,"column":3}},"147":{"start":{"line":304,"column":4},"end":{"line":304,"column":27}},"148":{"start":{"line":305,"column":4},"end":{"line":305,"column":38}},"149":{"start":{"line":308,"column":2},"end":{"line":324,"column":3}},"150":{"start":{"line":309,"column":4},"end":{"line":321,"column":5}},"151":{"start":{"line":310,"column":6},"end":{"line":310,"column":73}},"152":{"start":{"line":311,"column":6},"end":{"line":311,"column":20}},"153":{"start":{"line":313,"column":6},"end":{"line":320,"column":9}},"154":{"start":{"line":314,"column":8},"end":{"line":319,"column":9}},"155":{"start":{"line":315,"column":10},"end":{"line":315,"column":118}},"156":{"start":{"line":317,"column":10},"end":{"line":317,"column":54}},"157":{"start":{"line":318,"column":10},"end":{"line":318,"column":24}},"158":{"start":{"line":323,"column":4},"end":{"line":323,"column":18}},"159":{"start":{"line":327,"column":0},"end":{"line":329,"column":2}},"160":{"start":{"line":328,"column":2},"end":{"line":328,"column":24}},"161":{"start":{"line":331,"column":0},"end":{"line":337,"column":2}},"162":{"start":{"line":332,"column":2},"end":{"line":332,"column":23}},"163":{"start":{"line":333,"column":2},"end":{"line":335,"column":3}},"164":{"start":{"line":334,"column":4},"end":{"line":334,"column":73}},"165":{"start":{"line":336,"column":2},"end":{"line":336,"column":21}},"166":{"start":{"line":339,"column":0},"end":{"line":344,"column":2}},"167":{"start":{"line":340,"column":2},"end":{"line":342,"column":3}},"168":{"start":{"line":341,"column":4},"end":{"line":341,"column":13}},"169":{"start":{"line":343,"column":2},"end":{"line":343,"column":52}},"170":{"start":{"line":346,"column":0},"end":{"line":367,"column":2}},"171":{"start":{"line":347,"column":2},"end":{"line":349,"column":3}},"172":{"start":{"line":348,"column":4},"end":{"line":348,"column":22}},"173":{"start":{"line":350,"column":2},"end":{"line":352,"column":3}},"174":{"start":{"line":351,"column":4},"end":{"line":351,"column":20}},"175":{"start":{"line":353,"column":2},"end":{"line":355,"column":3}},"176":{"start":{"line":354,"column":4},"end":{"line":354,"column":34}},"177":{"start":{"line":356,"column":2},"end":{"line":356,"column":47}},"178":{"start":{"line":358,"column":2},"end":{"line":358,"column":17}},"179":{"start":{"line":359,"column":2},"end":{"line":365,"column":3}},"180":{"start":{"line":360,"column":4},"end":{"line":361,"column":39}},"181":{"start":{"line":363,"column":4},"end":{"line":364,"column":39}},"182":{"start":{"line":366,"column":2},"end":{"line":366,"column":29}},"183":{"start":{"line":369,"column":0},"end":{"line":386,"column":2}},"184":{"start":{"line":370,"column":2},"end":{"line":375,"column":3}},"185":{"start":{"line":372,"column":4},"end":{"line":372,"column":32}},"186":{"start":{"line":373,"column":9},"end":{"line":375,"column":3}},"187":{"start":{"line":374,"column":4},"end":{"line":374,"column":28}},"188":{"start":{"line":376,"column":2},"end":{"line":376,"column":52}},"189":{"start":{"line":377,"column":2},"end":{"line":379,"column":3}},"190":{"start":{"line":378,"column":4},"end":{"line":378,"column":75}},"191":{"start":{"line":381,"column":2},"end":{"line":381,"column":22}},"192":{"start":{"line":382,"column":2},"end":{"line":382,"column":24}},"193":{"start":{"line":383,"column":2},"end":{"line":383,"column":34}},"194":{"start":{"line":385,"column":2},"end":{"line":385,"column":32}},"195":{"start":{"line":388,"column":0},"end":{"line":403,"column":2}},"196":{"start":{"line":389,"column":2},"end":{"line":394,"column":3}},"197":{"start":{"line":391,"column":4},"end":{"line":391,"column":40}},"198":{"start":{"line":392,"column":9},"end":{"line":394,"column":3}},"199":{"start":{"line":393,"column":4},"end":{"line":393,"column":36}},"200":{"start":{"line":395,"column":2},"end":{"line":395,"column":26}},"201":{"start":{"line":396,"column":2},"end":{"line":396,"column":28}},"202":{"start":{"line":398,"column":2},"end":{"line":398,"column":41}},"203":{"start":{"line":400,"column":2},"end":{"line":402,"column":3}},"204":{"start":{"line":401,"column":4},"end":{"line":401,"column":40}},"205":{"start":{"line":405,"column":0},"end":{"line":423,"column":2}},"206":{"start":{"line":406,"column":2},"end":{"line":422,"column":3}},"207":{"start":{"line":407,"column":4},"end":{"line":411,"column":5}},"208":{"start":{"line":408,"column":6},"end":{"line":410,"column":8}},"209":{"start":{"line":412,"column":4},"end":{"line":416,"column":6}},"210":{"start":{"line":417,"column":4},"end":{"line":417,"column":44}},"211":{"start":{"line":419,"column":4},"end":{"line":421,"column":5}},"212":{"start":{"line":420,"column":6},"end":{"line":420,"column":54}},"213":{"start":{"line":425,"column":0},"end":{"line":430,"column":2}},"214":{"start":{"line":426,"column":2},"end":{"line":429,"column":5}},"215":{"start":{"line":432,"column":0},"end":{"line":437,"column":2}},"216":{"start":{"line":433,"column":2},"end":{"line":436,"column":5}},"217":{"start":{"line":439,"column":0},"end":{"line":447,"column":2}},"218":{"start":{"line":440,"column":2},"end":{"line":442,"column":3}},"219":{"start":{"line":441,"column":4},"end":{"line":441,"column":35}},"220":{"start":{"line":443,"column":2},"end":{"line":446,"column":5}},"221":{"start":{"line":449,"column":0},"end":{"line":457,"column":2}},"222":{"start":{"line":450,"column":2},"end":{"line":452,"column":3}},"223":{"start":{"line":451,"column":4},"end":{"line":451,"column":35}},"224":{"start":{"line":453,"column":2},"end":{"line":456,"column":5}},"225":{"start":{"line":459,"column":0},"end":{"line":465,"column":2}},"226":{"start":{"line":460,"column":2},"end":{"line":463,"column":4}},"227":{"start":{"line":464,"column":2},"end":{"line":464,"column":39}},"228":{"start":{"line":467,"column":0},"end":{"line":492,"column":2}},"229":{"start":{"line":468,"column":2},"end":{"line":468,"column":18}},"230":{"start":{"line":470,"column":2},"end":{"line":491,"column":3}},"231":{"start":{"line":471,"column":4},"end":{"line":487,"column":5}},"232":{"start":{"line":472,"column":6},"end":{"line":486,"column":9}},"233":{"start":{"line":473,"column":8},"end":{"line":473,"column":20}},"234":{"start":{"line":474,"column":8},"end":{"line":474,"column":29}},"235":{"start":{"line":475,"column":8},"end":{"line":480,"column":9}},"236":{"start":{"line":476,"column":10},"end":{"line":476,"column":93}},"237":{"start":{"line":477,"column":10},"end":{"line":477,"column":39}},"238":{"start":{"line":479,"column":10},"end":{"line":479,"column":119}},"239":{"start":{"line":481,"column":8},"end":{"line":481,"column":55}},"240":{"start":{"line":482,"column":8},"end":{"line":482,"column":38}},"241":{"start":{"line":483,"column":8},"end":{"line":485,"column":9}},"242":{"start":{"line":484,"column":10},"end":{"line":484,"column":25}},"243":{"start":{"line":489,"column":4},"end":{"line":489,"column":24}},"244":{"start":{"line":490,"column":4},"end":{"line":490,"column":33}},"245":{"start":{"line":494,"column":0},"end":{"line":503,"column":2}},"246":{"start":{"line":495,"column":2},"end":{"line":501,"column":3}},"247":{"start":{"line":496,"column":4},"end":{"line":496,"column":88}},"248":{"start":{"line":497,"column":4},"end":{"line":499,"column":5}},"249":{"start":{"line":498,"column":6},"end":{"line":498,"column":50}},"250":{"start":{"line":500,"column":4},"end":{"line":500,"column":22}},"251":{"start":{"line":502,"column":2},"end":{"line":502,"column":48}},"252":{"start":{"line":505,"column":0},"end":{"line":510,"column":2}},"253":{"start":{"line":506,"column":2},"end":{"line":508,"column":3}},"254":{"start":{"line":507,"column":4},"end":{"line":507,"column":59}},"255":{"start":{"line":509,"column":2},"end":{"line":509,"column":49}},"256":{"start":{"line":512,"column":0},"end":{"line":523,"column":2}},"257":{"start":{"line":513,"column":2},"end":{"line":513,"column":63}},"258":{"start":{"line":514,"column":2},"end":{"line":521,"column":3}},"259":{"start":{"line":515,"column":4},"end":{"line":515,"column":22}},"260":{"start":{"line":517,"column":4},"end":{"line":517,"column":57}},"261":{"start":{"line":518,"column":4},"end":{"line":520,"column":7}},"262":{"start":{"line":522,"column":2},"end":{"line":522,"column":30}},"263":{"start":{"line":525,"column":0},"end":{"line":609,"column":2}},"264":{"start":{"line":526,"column":2},"end":{"line":526,"column":18}},"265":{"start":{"line":528,"column":2},"end":{"line":528,"column":29}},"266":{"start":{"line":532,"column":2},"end":{"line":536,"column":4}},"267":{"start":{"line":534,"column":6},"end":{"line":534,"column":76}},"268":{"start":{"line":538,"column":2},"end":{"line":545,"column":3}},"269":{"start":{"line":539,"column":4},"end":{"line":543,"column":5}},"270":{"start":{"line":540,"column":6},"end":{"line":540,"column":54}},"271":{"start":{"line":542,"column":6},"end":{"line":542,"column":40}},"272":{"start":{"line":544,"column":4},"end":{"line":544,"column":54}},"273":{"start":{"line":547,"column":2},"end":{"line":555,"column":3}},"274":{"start":{"line":548,"column":4},"end":{"line":552,"column":5}},"275":{"start":{"line":549,"column":6},"end":{"line":549,"column":56}},"276":{"start":{"line":551,"column":6},"end":{"line":551,"column":44}},"277":{"start":{"line":553,"column":4},"end":{"line":553,"column":61}},"278":{"start":{"line":554,"column":4},"end":{"line":554,"column":58}},"279":{"start":{"line":557,"column":2},"end":{"line":557,"column":102}},"280":{"start":{"line":559,"column":2},"end":{"line":559,"column":51}},"281":{"start":{"line":560,"column":2},"end":{"line":560,"column":33}},"282":{"start":{"line":561,"column":2},"end":{"line":561,"column":44}},"283":{"start":{"line":562,"column":2},"end":{"line":562,"column":48}},"284":{"start":{"line":563,"column":2},"end":{"line":563,"column":52}},"285":{"start":{"line":564,"column":2},"end":{"line":564,"column":48}},"286":{"start":{"line":565,"column":2},"end":{"line":565,"column":44}},"287":{"start":{"line":566,"column":2},"end":{"line":566,"column":58}},"288":{"start":{"line":567,"column":2},"end":{"line":567,"column":56}},"289":{"start":{"line":568,"column":2},"end":{"line":568,"column":64}},"290":{"start":{"line":569,"column":2},"end":{"line":569,"column":56}},"291":{"start":{"line":570,"column":2},"end":{"line":570,"column":56}},"292":{"start":{"line":571,"column":2},"end":{"line":571,"column":60}},"293":{"start":{"line":573,"column":2},"end":{"line":579,"column":3}},"294":{"start":{"line":574,"column":4},"end":{"line":578,"column":5}},"295":{"start":{"line":575,"column":6},"end":{"line":575,"column":53}},"296":{"start":{"line":576,"column":11},"end":{"line":578,"column":5}},"2
[...]
},"f":{"1":0},"fnMap":{"1":{"name":"(anonymous_1)","line":3,"loc":{"start":{"line":3,"column":21},"end":{"line":3,"column":39}}}},"statementMap":{"1":{"start":{"line":1,"column":0},"end":{"line":1,"column":57}},"2":{"start":{"line":3,"column":0},"end":{"line":22,"column":2}},"3":{"start":{"line":4,"column":2},"end":{"line":4,"column":48}},"4":{"start":{"line":12,"column":2},"end":{"line":21,"column":3}},"5":{"start":{"line":13,"column":4},"end":{"line":20,"column":7}}},"branchMap":{"1":{"line":12,"type":"if","locations":[{"start":{"line":12,"column":2},"end":{"line":12,"column":2}},{"start":{"line":12,"column":2},"end":{"line":12,"column":2}}]}},"code":["var scClusterBrokerClient = require('scc-broker-client');","","module.exports.run = function (broker) {","  console.log('   >> Broker PID:', process.pid);","","  // This is defined in server.js (taken from environment variable SC_CLUSTER_STATE_SERVER_HOST).","  // If this property is defined, the broker will try to attach itself to the SC cluster for","  // automatic horizontal scalability.","  // This is mostly intended for the Kubernetes deployment of SocketCluster - In this case,","  // The clustering/sharding all happens automatically.","","  if (broker.options.clusterStateServerHost) {","    scClusterBrokerClient.attach(broker, {","      stateServerHost: broker.options.clusterStateServerHost,","      stateServerPort: broker.options.clusterStateServerPort,","      authKey: broker.options.clusterAuthKey,","      stateServerConnectTimeout: broker.options.clusterStateServerConnectTimeout,","      stateServerAckTimeout: broker.options.clusterStateServerAckTimeout,","      stateServerReconnectRandomness: broker.options.clusterStateServerReconnectRandomness","    });","  }","};",""],"l":{"1":2,"3":0,"4":0,"12":0,"13":0}},"/home/travis/build/npmtest/node-npmtest-socketcluster/node_modules/socketcluster/sample/server.js":{"path":"/home/travis/build/npmtest/node-npmtest-socketcluster/node_modules/socketcluster/sample/server.js","s":{"1":2,"2":2,"3":2,"4":2,"5":0,"6":0,"7":0,"8":0,"9":0,"10":0,"11":0,"12":0,"13":0,"14":0,"15":0,"16":0,"17":0,"18":0,"19":0,"20":0,"21":0,"22":0,"23":0,"24":0,"25":0,"26":0,"27":0,"28":0,"29":0,"30":0,"31":0,"32":0,"33":0,"34":0,"35":0,"36":0,"37":0,"38":0,"39":0,"40":0,"41":0},"b":{"1":[0,0],"2":[0,0],"3":[0,0],"4":[0,0],"5":[0,0,0],"6":[0,0,0],"7":[0,0,0],"8":[0,0],"9":[0,0,0],"10":[0,0],"11":[0,0],"12":[0,0],"13":[0,0],"14":[0,0,0],"15":[0,0],"16":[0,0],"17":[0,0],"18":[0,0],"19":[0,0],"20":[0,0],"21":[0,0],"22":[0,0],"23":[0,0],"24":[0,0],"25":[0,0],"26":[0,0],"27":[0,0],"28":[0,0]},"f":{"1":0},"fnMap":{"1":{"name":"(anonymous_1)","line":48,"loc":{"start":{"line":48,"column":12},"end":{"line":48,"column":24}}}},"statementMap":{"1":{"start":{"line":1,"column":0},"end":{"line":1,"column":23}},"2":{"start":{"line":2,"column":0},"end":{"line":2,"column":54}},"3":{"start":{"line":3,"column":0},"end":{"line":3,"column":59}},"4":{"start":{"line":4,"column":0},"end":{"line":4,"column":43}},"5":{"start":{"line":6,"column":0},"end":{"line":6,"column":82}},"6":{"start":{"line":7,"column":0},"end":{"line":7,"column":82}},"7":{"start":{"line":8,"column":0},"end":{"line":8,"column":78}},"8":{"start":{"line":9,"column":0},"end":{"line":9,"column":43}},"9":{"start":{"line":11,"column":0},"end":{"line":32,"column":2}},"10":{"start":{"line":34,"column":0},"end":{"line":34,"column":26}},"11":{"start":{"line":36,"column":0},"end":{"line":38,"column":1}},"12":{"start":{"line":37,"column":2},"end":{"line":37,"column":72}},"13":{"start":{"line":40,"column":0},"end":{"line":44,"column":1}},"14":{"start":{"line":41,"column":2},"end":{"line":43,"column":3}},"15":{"start":{"line":42,"column":4},"end":{"line":42,"column":42}},"16":{"start":{"line":46,"column":0},"end":{"line":46,"column":82}},"17":{"start":{"line":48,"column":0},"end":{"line":66,"column":2}},"18":{"start":{"line":49,"column":2},"end":{"line":49,"column":49}},"19":{"start":{"line":51,"column":2},"end":{"line":54,"column":3}},"20":{"start":{"line":52,"column":4},"end":{"line":52,"column":57}},"21":{"start":{"line":53,"column":4},"end":{"line":53,"column":40}},"22":{"start":{"line":56,"column":2},"end":{"line":65,"column":3}},"23":{"start":{"line":60,"column":4},"end":{"line":60,"column":109}},"24":{"start":{"line":61,"column":4},"end":{"line":64,"column":7}},"25":{"start":{"line":68,"column":0},"end":{"line":68,"column":85}},"26":{"start":{"line":70,"column":0},"end":{"line":101,"column":1}},"27":{"start":{"line":72,"column":2},"end":{"line":89,"column":4}},"28":{"start":{"line":73,"column":4},"end":{"line":88,"column":7}},"29":{"start":{"line":74,"column":6},"end":{"line":77,"column":7}},"30":{"start":{"line":75,"column":8},"end":{"line":75,"column":18}},"31":{"start":{"line":76,"column":8},"end":{"line":76,"column":15}},"32":{"start":{"line":78,"column":6},"end":{"line":86,"column":8}},"33":{"start":{"line":79,"column":8},"end":{"line":85,"column":11}},"34":{"start":{"line":80,"column":10},"end":{"line":84,"column":11}},"35":{"start":{"line":81,"column":12},"end":{"line":81,"column":22}},"36":{"start":{"line":83,"column":12},"end":{"line":83,"column":56}},"37":{"start":{"line":87,"column":6},"end":{"line":87,"column":21}},"38":{"start":{"line":90,"column":2},"end":{"line":95,"column":4}},"39":{"start":{"line":96,"column":2},"end":{"line":98,"column":5}},"40":{"start":{"line":97,"column":4},"end":{"line":97,"column":12}},"41":{"start":{"line":100,"column":2},"end":{"line":100,"column":10}}},"branchMap":{"1":{"line":6,"type":"binary-expr","locations":[{"start":{"line":6,"column":27},"end":{"line":6,"column":34}},{"start":{"line":6,"column":38},"end":{"line":6,"column":81}}]},"2":{"line":7,"type":"binary-expr","locations":[{"start":{"line":7,"column":27},"end":{"line":7,"column":34}},{"start":{"line":7,"column":38},"end":{"line":7,"column":81}}]},"3":{"line":8,"type":"binary-expr","locations":[{"start":{"line":8,"column":25},"end":{"line":8,"column":32}},{"start":{"line":8,"column":36},"end":{"line":8,"column":77}}]},"4":{"line":9,"type":"binary-expr","locations":[{"start":{"line":9,"column":18},"end":{"line":9,"column":33}},{"start":{"line":9,"column":37},"end":{"line":9,"column":42}}]},"5":{"line":12,"type":"binary-expr","locations":[{"start":{"line":12,"column":11},"end":{"line":12,"column":25}},{"start":{"line":12,"column":29},"end":{"line":12,"column":70}},{"start":{"line":12,"column":74},"end":{"line":12,"column":75}}]},"6":{"line":13,"type":"binary-expr","locations":[{"start":{"line":13,"column":11},"end":{"line":13,"column":25}},{"start":{"line":13,"column":29},"end":{"line":13,"column":70}},{"start":{"line":13,"column":74},"end":{"line":13,"column":75}}]},"7":{"line":14,"type":"binary-expr","locations":[{"start":{"line":14,"column":8},"end":{"line":14,"column":22}},{"start":{"line":14,"column":26},"end":{"line":14,"column":64}},{"start":{"line":14,"column":68},"end":{"line":14,"column":72}}]},"8":{"line":16,"type":"binary-expr","locations":[{"start":{"line":16,"column":12},"end":{"line":16,"column":47}},{"start":{"line":16,"column":51},"end":{"line":16,"column":56}}]},"9":{"line":17,"type":"binary-expr","locations":[{"start":{"line":17,"column":11},"end":{"line":17,"column":17}},{"start":{"line":17,"column":21},"end":{"line":17,"column":55}},{"start":{"line":17,"column":59},"end":{"line":17,"column":63}}]},"10":{"line":18,"type":"binary-expr","locations":[{"start":{"line":18,"column":20},"end":{"line":18,"column":40}},{"start":{"line":18,"column":44},"end":{"line":18,"column":68}}]},"11":{"line":19,"type":"binary-expr","locations":[{"start":{"line":19,"column":20},"end":{"line":19,"column":40}},{"start":{"line":19,"column":44},"end":{"line":19,"column":68}}]},"12":{"line":20,"type":"binary-expr","locations":[{"start":{"line":20,"column":18},"end":{"line":20,"column":36}},{"start":{"line":20,"column":40},"end":{"line":20,"column":44}}]},"13":{"line":21,"type":"binary-expr","locations":[{"start":{"line":21,"column":22},"end":{"line":21,"column":76}},{"start":{"line":21,"column":80},"end":{"line":21,"column":84}}]},"14":{"line":22,"type":"binary-expr","locations":[{"start":{"line":22,"column":26},"end":{"line":22,"column":35}},{"start":{"line":22,"column":39},"end":{"line":22,"column":72}},{"start":{"line":22,"column":76},"end":{"line":22,"column":80}}]},"15":{"line":23,"type":"binary-expr","locations":[{"start":{"line":23,"column":26},"end":{"line":23,"column":59}},{"start":{"line":23,"column":63},"end":{"line":23,"column":67}}]},"16":{"line":24,"type":"binary-expr","locations":[{"start":{"line":24,"column":18},"end":{"line":24,"column":42}},{"start":{"line":24,"column":46},"end":{"line":24,"column":50}}]},"17":{"line":25,"type":"binary-expr","locations":[{"start":{"line":25,"column":36},"end":{"line":25,"column":88}},{"start":{"line":25,"column":92},"end":{"line":25,"column":96}}]},"18":{"line":26,"type":"binary-expr","locations":[{"start":{"line":26,"column":32},"end":{"line":26,"column":80}},{"start":{"line":26,"column":84},"end":{"line":26,"column":88}}]},"19":{"line":27,"type":"binary-expr","locations":[{"start":{"line":27,"column":41},"end":{"line":27,"column":98}},{"start":{"line":27,"column":102},"end":{"line":27,"column":106}}]},"20":{"line":36,"type":"if","locations":[{"start":{"line":36,"column":0},"end":{"line":36,"column":0}},{"start":{"line":36,"column":0},"end":{"line":36,"column":0}}]},"21":{"line":41,"type":"if","locations":[{"start":{"line":41,"column":2},"end":{"line":41,"column":2}},{"start":{"line":41,"column":2},"end":{"line":41,"column":2}}]},"22":{"line":46,"type":"binary-expr","locations":[{"start":{"line":46,"column":27},"end":{"line":46,"column":34}},{"start":{"line":46,"column":38},"end":{"line":46,"column":81}}]},"23":{"line":51,"type":"if","locations":[{"start":{"line":51,"column":2},"end":{"line":51,"column":2}},{"start":{"line":51,"column":2},"end":{"line":51,"column":2}}]},"24":{"line":56,"type":"if","locations":[{"start":{"line":56,"column":2},"end":{"line":56,"column":2}},{"start":{"line":56,"column":2},"end":{"line":56,"column":2}}]},"25":{"line":68,"type":"binary-expr","locations":[{"start":{"line":68,"column":24},"end":{"line":68,"column":77}},{"start":{"line":68,"column":81},"end":{"line":68,"column":84}}]},"26":{"line":70,"type":"if","locations":[{"start":{"line":70,"column":0},"end":{"line":70,"column":0}},{"start":{"line":70,"column":0},"end":{"line":70,"column":0}}]},"27":{"line":74,"type":"if","locations":[{"start":{"line":74,"column":6},"end":{"line":74,"column":6}},{"start":{"line":74,"column":6},"end":{"line":74,"column":6}}]},"28":{"line":80,"type":"if","locations":[{"start":{"line":80,"column":10},"end":{"line":80,"column":10}},{"start":{"line":80,"column":10},"end":{"line":80,"column":10}}]}},"code":["var fs = require('fs');","var argv = require('minimist')(process.argv.slice(2));","var SocketCluster = require('socketcluster').SocketCluster;","var scHotReboot = require('sc-hot-reboot');","","var workerControllerPath = argv.wc || process.env.SOCKETCLUSTER_WORKER_CONTROLLER;","var brokerControllerPath = argv.bc || process.env.SOCKETCLUSTER_BROKER_CONTROLLER;","var initControllerPath = argv.ic || process.env.SOCKETCLUSTER_INIT_CONTROLLER;","var environment = process.env.ENV || 'dev';","","var options = {","  workers: Number(argv.w) || Number(process.env.SOCKETCLUSTER_WORKERS) || 1,","  brokers: Number(argv.b) || Number(process.env.SOCKETCLUSTER_BROKERS) || 1,","  port: Number(argv.p) || Number(process.env.SOCKETCLUSTER_PORT) || 8000,","  // If your system doesn't support 'uws', you can switch to 'ws' (which is slower but works on older systems).","  wsEngine: process.env.SOCKETCLUSTER_WS_ENGINE || 'uws',","  appName: argv.n || process.env.SOCKETCLUSTER_APP_NAME || null,","  workerController: workerControllerPath || __dirname + '/worker.js',","  brokerController: brokerControllerPath || __dirname + '/broker.js',","  initController: initControllerPath || null,","  socketChannelLimit: Number(process.env.SOCKETCLUSTER_SOCKET_CHANNEL_LIMIT) || 1000,","  clusterStateServerHost: argv.cssh || process.env.SCC_STATE_SERVER_HOST || null,","  clusterStateServerPort: process.env.SCC_STATE_SERVER_PORT || null,","  clusterAuthKey: process.env.SCC_AUTH_KEY || null,","  clusterStateServerConnectTimeout: Number(process.env.SCC_STATE_SERVER_CONNECT_TIMEOUT) || null,","  clusterStateServerAckTimeout: Number(process.env.SCC_STATE_SERVER_ACK_TIMEOUT) || null,","  clusterStateServerReconnectRandomness: Number(process.env.SCC_STATE_SERVER_RECONNECT_RANDOMNESS) || null,","  crashWorkerOnError: argv['auto-reboot'] != false,","  // If using nodemon, set this to true, and make sure that environment is 'dev'.","  killMasterOnSignal: false,","  environment: environment","};","","var SOCKETCLUSTER_OPTIONS;","","if (process.env.SOCKETCLUSTER_OPTIONS) {","  SOCKETCLUSTER_OPTIONS = JSON.parse(process.env.SOCKETCLUSTER_OPTIONS);","}","","for (var i in SOCKETCLUSTER_OPTIONS) {","  if (SOCKETCLUSTER_OPTIONS.hasOwnProperty(i)) {","    options[i] = SOCKETCLUSTER_OPTIONS[i];","  }","}","","var masterControllerPath = argv.mc || process.env.SOCKETCLUSTER_MASTER_CONTROLLER;","","var start = function () {","  var socketCluster = new SocketCluster(options);","","  if (masterControllerPath) {","    var masterController = require(masterControllerPath);","    masterController.run(socketCluster);","  }","","  if (environment == 'dev') {","    // This will cause SC workers to reboot when code changes anywhere in the app directory.","    // The second options argument here is passed directly to chokidar.","    // See https://github.com/paulmillr/chokidar#api for details.","    console.log(`   !! The sc-hot-reboot plugin is watching for code changes in the ${__dirname} directory`);","    scHotReboot.attach(socketCluster, {","      cwd: __dirname,","      ignored: ['public', 'node_modules', 'README.md', 'Dockerfile', 'server.js', 'broker.js', /[\\/\\\\]\\./, '*.log']","    });","  }","};","","var bootCheckInterval = Number(process.env.SOCKETCLUSTER_BOOT_CHECK_INTERVAL) || 200;","","if (workerControllerPath) {","  // Detect when Docker volumes are ready.","  var startWhenFileIsReady = (filePath) => {","    return new Promise((resolve) => {","      if (!filePath) {","        resolve();","        return;","      }","      var checkIsReady = () => {","        fs.exists(filePath, (exists) => {","          if (exists) {","            resolve();","          } else {","            setTimeout(checkIsReady, bootCheckInterval);","          }","        });","      };","      checkIsReady();","    });","  };","  var filesReadyPromises = [","    startWhenFileIsReady(masterControllerPath),","    startWhenFileIsReady(workerControllerPath),","    startWhenFileIsReady(brokerControllerPath),","    startWhenFileIsReady(initControllerPath)","  ];","  Promise.all(filesReadyPromises).then(() => {","    start();","  });","} else {","  start();","}",""],"l":{"1":2,"2":2,"3":2,"4":2,"6":0,"7":0,"8":0,"9":0,"11":0,"34":0,"36":0,"37":0,"40":0,"41":0,"42":0,"46":0,"48":0,"49":0,"51":0,"52":0,"53":0,"56":0,"60":0,"61":0,"68":0,"70":0,"72":0,"73":0,"74":0,"75":0,"76":0,"78":0,"79":0,"80":0,"81":0,"83":0,"87":0,"90":0,"96":0,"97":0,"100":0}},"/home/travis/build/npmtest/node-npmtest-socketcluster/node_modules/socketcluster/sample/worker.js":{"path":"/home/travis/build/npmtest/node-npmtest-socketcluster/node_modules/socketcluster/sample/worker.js","s":{"1":2,"2":2,"3":0,"4":0,"5":0,"6":0,"7":0,"8":0,"9":0,"10":0,"11":0,"12":0,"13":0,"14":0,"15":0,"16":0,"17":0,"18":0,"19":0,"20":0,"21":0,"22":0,"23":0,"24":0,"25":0,"26":0,"27":0},"b":{"1":[0,0]},"f":{"1":0,"2":0,"3":0,"4":0,"5":0},"fnMap":{"1":{"name":"(anonymous_1)","line":8,"loc":{"start":{"line":8,"column":21},"end":{"line":8,"column":39}}},"2":{"name":"(anonymous_2)","line":34,"loc":{"start":{"line":34,"column":28},"end":{"line":34,"column":46}}},"3":{"name":"(anonymous_3)","line":39,"loc":{"start":{"line":39,"column":35},"end":{"line":39,"column":51}}},"4":{"name":"(anonymous_4)","line":45,"loc":{"start":{"line":45,"column":31},"end":{"line":45,"column":43}}},"5":{"name":"(anonymous_5)","line":51,"loc":{"start":{"line":51,"column":28},"end":{"line":51,"column":40}}}},"statementMap":{"1":{"start":{"line":1,"column":0},"end":{"line":1,"column":23}},"2":{"start":{"line":2,"column":0},"end":{"line":2,"column":33}},"3":{"start":{"line":3,"column":0},"end":{"line":3,"column":42}},"4":{"start":{"line":4,"column":0},"end":{"line":4,"column":27}},"5":{"start":{"line":5,"column":0},"end":{"line":5,"column":31}},"6":{"start":{"line":6,"column":0},"end":{"line":6,"column":57}},"7":{"start":{"line":8,"column":0},"end":{"line":55,"column":2}},"8":{"start":{"line":9,"column":2},"end":{"line":9,"column":48}},"9":{"start":{"line":10,"column":2},"end":{"line":10,"column":47}},"10":{"start":{"line":12,"column":2},"end":{"line":12,"column":22}},"11":{"start":{"line":14,"column":2},"end":{"line":14,"column":37}},"12":{"start":{"line":15,"column":2},"end":{"line":15,"column":33}},"13":{"start":{"line":17,"column":2},"end":{"line":21,"column":3}},"14":{"start":{"line":20,"column":4},"end":{"line":20,"column":27}},"15":{"start":{"line":22,"column":2},"end":{"line":22,"column":58}},"16":{"start":{"line":25,"column":2},"end":{"line":25,"column":36}},"17":{"start":{"line":27,"column":2},"end":{"line":27,"column":32}},"18":{"start":{"line":29,"column":2},"end":{"line":29,"column":16}},"19":{"start":{"line":34,"column":2},"end":{"line":54,"column":5}},"20":{"start":{"line":39,"column":4},"end":{"line":43,"column":7}},"21":{"start":{"line":40,"column":6},"end":{"line":40,"column":14}},"22":{"start":{"line":41,"column":6},"end":{"line":41,"column":53}},"23":{"start":{"line":42,"column":6},"end":{"line":42,"column":49}},"24":{"start":{"line":45,"column":4},"end":{"line":49,"column":13}},"25":{"start":{"line":46,"column":6},"end":{"line":48,"column":9}},"26":{"start":{"line":51,"column":4},"end":{"line":53,"column":7}},"27":{"start":{"line":52,"column":6},"end":{"line":52,"column":30}}},"branchMap":{"1":{"line":17,"type":"if","locations":[{"start":{"line":17,"column":2},"end":{"line":17,"column":2}},{"start":{"line":17,"column":2},"end":{"line":17,"column":2}}]}},"code":["var fs = require('fs');","var express = require('express');","var serveStatic = require('serve-static');","var path = require('path');","var morgan = require('morgan');","var healthChecker = require('sc-framework-health-check');","","module.exports.run = function (worker) {","  console.log('   >> Worker PID:', process.pid);","  var environment = worker.options.environment;","","  var app = express();","","  var httpServer = worker.httpServer;","  var scServer = worker.scServer;","","  if (environment == 'dev') {","    // Log every HTTP request. See https://github.com/expressjs/morgan for other","    // available formats.","    app.use(morgan('dev'));","  }","  app.use(serveStatic(path.resolve(__dirname, 'public')));","","  // Add GET /health-check express route","  healthChecker.attach(worker, app);","","  httpServer.on('request', app);","","  var count = 0;","","  /*","    In here we handle our incoming realtime connections and listen for events.","  */","  scServer.on('connection', function (socket) {","","    // Some sample logic to show how to handle client events,","    // replace this with your own logic","","    socket.on('sampleClientEvent', function (data) {","      count++;","      console.log('Handled sampleClientEvent', data);","      scServer.exchange.publish('sample', count);","    });","","    var interval = setInterval(function () {","      socket.emit('rand', {","        rand: Math.floor(Math.random() * 5)","      });","    }, 1000);","","    socket.on('disconnect', function () {","      clearInterval(interval);","    });","  });","};",""],"l":{"1":2,"2":2,"3":0,"4":0,"5":0,"6":0,"8":0,"9":0,"10":0,"12":0,"14":0,"15":0,"17":0,"20":0,"22":0,"25":0,"27":0,"29":0,"34":0,"39":0,"40":0,"41":0,"42":0,"45":0,"46":0,"51":0,"52":0}}}